<?xml version="1.0" encoding="UTF-8"?>
<testng-results ignored="0" total="39" passed="31" failed="8" skipped="0">
  <reporter-output>
  </reporter-output>
  <suite started-at="2024-02-20T11:37:45 GMT-05:00" name="SalesForceSuite" finished-at="2024-02-20T11:48:20 GMT-05:00" duration-ms="634355">
    <groups>
    </groups>
    <test started-at="2024-02-20T11:37:45 GMT-05:00" name="Test" finished-at="2024-02-20T11:48:20 GMT-05:00" duration-ms="634355">
      <class name="com.salesforce.Test.SalesforceLogin">
        <test-method is-config="true" signature="beforemethod(java.lang.String)[pri:0, instance:com.salesforce.Test.SalesforceLogin@4b7e96a]" started-at="2024-02-20T11:40:56 GMT-05:00" name="beforemethod" finished-at="2024-02-20T11:40:58 GMT-05:00" duration-ms="1483" status="PASS">
          <params>
            <param index="0">
              <value>
                <![CDATA[chrome]]>
              </value>
            </param>
          </params>
          <reporter-output>
          </reporter-output>
        </test-method> <!-- beforemethod -->
        <test-method signature="testcase1()[pri:0, instance:com.salesforce.Test.SalesforceLogin@4b7e96a]" started-at="2024-02-20T11:40:58 GMT-05:00" name="testcase1" finished-at="2024-02-20T11:41:02 GMT-05:00" duration-ms="4199" status="PASS">
          <reporter-output>
          </reporter-output>
        </test-method> <!-- testcase1 -->
        <test-method is-config="true" signature="aftermethod()[pri:0, instance:com.salesforce.Test.SalesforceLogin@4b7e96a]" started-at="2024-02-20T11:41:02 GMT-05:00" name="aftermethod" finished-at="2024-02-20T11:41:02 GMT-05:00" duration-ms="191" status="PASS">
          <reporter-output>
          </reporter-output>
        </test-method> <!-- aftermethod -->
        <test-method is-config="true" signature="beforemethod(java.lang.String)[pri:0, instance:com.salesforce.Test.SalesforceLogin@4b7e96a]" started-at="2024-02-20T11:41:02 GMT-05:00" name="beforemethod" finished-at="2024-02-20T11:41:04 GMT-05:00" duration-ms="1382" status="PASS">
          <params>
            <param index="0">
              <value>
                <![CDATA[chrome]]>
              </value>
            </param>
          </params>
          <reporter-output>
          </reporter-output>
        </test-method> <!-- beforemethod -->
        <test-method signature="testcase2()[pri:0, instance:com.salesforce.Test.SalesforceLogin@4b7e96a]" started-at="2024-02-20T11:41:04 GMT-05:00" name="testcase2" finished-at="2024-02-20T11:41:17 GMT-05:00" duration-ms="13138" status="PASS">
          <reporter-output>
          </reporter-output>
        </test-method> <!-- testcase2 -->
        <test-method is-config="true" signature="aftermethod()[pri:0, instance:com.salesforce.Test.SalesforceLogin@4b7e96a]" started-at="2024-02-20T11:41:17 GMT-05:00" name="aftermethod" finished-at="2024-02-20T11:41:17 GMT-05:00" duration-ms="273" status="PASS">
          <reporter-output>
          </reporter-output>
        </test-method> <!-- aftermethod -->
        <test-method is-config="true" signature="beforemethod(java.lang.String)[pri:0, instance:com.salesforce.Test.SalesforceLogin@4b7e96a]" started-at="2024-02-20T11:41:17 GMT-05:00" name="beforemethod" finished-at="2024-02-20T11:41:19 GMT-05:00" duration-ms="1476" status="PASS">
          <params>
            <param index="0">
              <value>
                <![CDATA[chrome]]>
              </value>
            </param>
          </params>
          <reporter-output>
          </reporter-output>
        </test-method> <!-- beforemethod -->
        <test-method signature="testcase3()[pri:0, instance:com.salesforce.Test.SalesforceLogin@4b7e96a]" started-at="2024-02-20T11:41:19 GMT-05:00" name="testcase3" finished-at="2024-02-20T11:41:37 GMT-05:00" duration-ms="18324" status="PASS">
          <reporter-output>
          </reporter-output>
        </test-method> <!-- testcase3 -->
        <test-method is-config="true" signature="aftermethod()[pri:0, instance:com.salesforce.Test.SalesforceLogin@4b7e96a]" started-at="2024-02-20T11:41:37 GMT-05:00" name="aftermethod" finished-at="2024-02-20T11:41:37 GMT-05:00" duration-ms="180" status="PASS">
          <reporter-output>
          </reporter-output>
        </test-method> <!-- aftermethod -->
        <test-method is-config="true" signature="beforemethod(java.lang.String)[pri:0, instance:com.salesforce.Test.SalesforceLogin@4b7e96a]" started-at="2024-02-20T11:41:37 GMT-05:00" name="beforemethod" finished-at="2024-02-20T11:41:38 GMT-05:00" duration-ms="1383" status="PASS">
          <params>
            <param index="0">
              <value>
                <![CDATA[chrome]]>
              </value>
            </param>
          </params>
          <reporter-output>
          </reporter-output>
        </test-method> <!-- beforemethod -->
        <test-method signature="testcase4A()[pri:0, instance:com.salesforce.Test.SalesforceLogin@4b7e96a]" started-at="2024-02-20T11:41:38 GMT-05:00" name="testcase4A" finished-at="2024-02-20T11:41:41 GMT-05:00" duration-ms="2309" status="PASS">
          <reporter-output>
          </reporter-output>
        </test-method> <!-- testcase4A -->
        <test-method is-config="true" signature="aftermethod()[pri:0, instance:com.salesforce.Test.SalesforceLogin@4b7e96a]" started-at="2024-02-20T11:41:41 GMT-05:00" name="aftermethod" finished-at="2024-02-20T11:41:41 GMT-05:00" duration-ms="140" status="PASS">
          <reporter-output>
          </reporter-output>
        </test-method> <!-- aftermethod -->
        <test-method is-config="true" signature="beforemethod(java.lang.String)[pri:0, instance:com.salesforce.Test.SalesforceLogin@4b7e96a]" started-at="2024-02-20T11:41:41 GMT-05:00" name="beforemethod" finished-at="2024-02-20T11:41:43 GMT-05:00" duration-ms="2270" status="PASS">
          <params>
            <param index="0">
              <value>
                <![CDATA[chrome]]>
              </value>
            </param>
          </params>
          <reporter-output>
          </reporter-output>
        </test-method> <!-- beforemethod -->
        <test-method signature="testcase4B()[pri:0, instance:com.salesforce.Test.SalesforceLogin@4b7e96a]" started-at="2024-02-20T11:41:43 GMT-05:00" name="testcase4B" finished-at="2024-02-20T11:41:44 GMT-05:00" duration-ms="493" status="PASS">
          <reporter-output>
          </reporter-output>
        </test-method> <!-- testcase4B -->
        <test-method is-config="true" signature="aftermethod()[pri:0, instance:com.salesforce.Test.SalesforceLogin@4b7e96a]" started-at="2024-02-20T11:41:44 GMT-05:00" name="aftermethod" finished-at="2024-02-20T11:41:44 GMT-05:00" duration-ms="118" status="PASS">
          <reporter-output>
          </reporter-output>
        </test-method> <!-- aftermethod -->
      </class> <!-- com.salesforce.Test.SalesforceLogin -->
      <class name="com.salesforce.Test.SalesforceLead">
        <test-method is-config="true" signature="beforemethod(java.lang.String)[pri:0, instance:com.salesforce.Test.SalesforceLead@4bd1f8dd]" started-at="2024-02-20T11:45:05 GMT-05:00" name="beforemethod" finished-at="2024-02-20T11:45:06 GMT-05:00" duration-ms="1495" status="PASS">
          <params>
            <param index="0">
              <value>
                <![CDATA[chrome]]>
              </value>
            </param>
          </params>
          <reporter-output>
          </reporter-output>
        </test-method> <!-- beforemethod -->
        <test-method signature="testCase20()[pri:0, instance:com.salesforce.Test.SalesforceLead@4bd1f8dd]" started-at="2024-02-20T11:45:06 GMT-05:00" name="testCase20" finished-at="2024-02-20T11:45:16 GMT-05:00" duration-ms="10318" status="PASS">
          <reporter-output>
          </reporter-output>
        </test-method> <!-- testCase20 -->
        <test-method is-config="true" signature="aftermethod()[pri:0, instance:com.salesforce.Test.SalesforceLead@4bd1f8dd]" started-at="2024-02-20T11:45:16 GMT-05:00" name="aftermethod" finished-at="2024-02-20T11:45:17 GMT-05:00" duration-ms="225" status="PASS">
          <reporter-output>
          </reporter-output>
        </test-method> <!-- aftermethod -->
        <test-method is-config="true" signature="beforemethod(java.lang.String)[pri:0, instance:com.salesforce.Test.SalesforceLead@4bd1f8dd]" started-at="2024-02-20T11:45:17 GMT-05:00" name="beforemethod" finished-at="2024-02-20T11:45:18 GMT-05:00" duration-ms="1282" status="PASS">
          <params>
            <param index="0">
              <value>
                <![CDATA[chrome]]>
              </value>
            </param>
          </params>
          <reporter-output>
          </reporter-output>
        </test-method> <!-- beforemethod -->
        <test-method signature="testCase21()[pri:0, instance:com.salesforce.Test.SalesforceLead@4bd1f8dd]" started-at="2024-02-20T11:45:18 GMT-05:00" name="testCase21" finished-at="2024-02-20T11:45:32 GMT-05:00" duration-ms="13783" status="PASS">
          <reporter-output>
          </reporter-output>
        </test-method> <!-- testCase21 -->
        <test-method is-config="true" signature="aftermethod()[pri:0, instance:com.salesforce.Test.SalesforceLead@4bd1f8dd]" started-at="2024-02-20T11:45:32 GMT-05:00" name="aftermethod" finished-at="2024-02-20T11:45:32 GMT-05:00" duration-ms="187" status="PASS">
          <reporter-output>
          </reporter-output>
        </test-method> <!-- aftermethod -->
        <test-method is-config="true" signature="beforemethod(java.lang.String)[pri:0, instance:com.salesforce.Test.SalesforceLead@4bd1f8dd]" started-at="2024-02-20T11:45:32 GMT-05:00" name="beforemethod" finished-at="2024-02-20T11:45:33 GMT-05:00" duration-ms="1489" status="PASS">
          <params>
            <param index="0">
              <value>
                <![CDATA[chrome]]>
              </value>
            </param>
          </params>
          <reporter-output>
          </reporter-output>
        </test-method> <!-- beforemethod -->
        <test-method signature="testCase22()[pri:0, instance:com.salesforce.Test.SalesforceLead@4bd1f8dd]" started-at="2024-02-20T11:45:33 GMT-05:00" name="testCase22" finished-at="2024-02-20T11:45:54 GMT-05:00" duration-ms="20988" status="PASS">
          <reporter-output>
          </reporter-output>
        </test-method> <!-- testCase22 -->
        <test-method is-config="true" signature="aftermethod()[pri:0, instance:com.salesforce.Test.SalesforceLead@4bd1f8dd]" started-at="2024-02-20T11:45:54 GMT-05:00" name="aftermethod" finished-at="2024-02-20T11:45:55 GMT-05:00" duration-ms="123" status="PASS">
          <reporter-output>
          </reporter-output>
        </test-method> <!-- aftermethod -->
        <test-method is-config="true" signature="beforemethod(java.lang.String)[pri:0, instance:com.salesforce.Test.SalesforceLead@4bd1f8dd]" started-at="2024-02-20T11:45:55 GMT-05:00" name="beforemethod" finished-at="2024-02-20T11:45:56 GMT-05:00" duration-ms="1370" status="PASS">
          <params>
            <param index="0">
              <value>
                <![CDATA[chrome]]>
              </value>
            </param>
          </params>
          <reporter-output>
          </reporter-output>
        </test-method> <!-- beforemethod -->
        <test-method signature="testCase23()[pri:0, instance:com.salesforce.Test.SalesforceLead@4bd1f8dd]" started-at="2024-02-20T11:45:56 GMT-05:00" name="testCase23" finished-at="2024-02-20T11:46:08 GMT-05:00" duration-ms="12532" status="FAIL">
          <exception class="org.openqa.selenium.NoSuchElementException">
            <message>
              <![CDATA[no such element: Unable to locate element: {"method":"xpath","selector":"//*[@id='fcf' and @name='fcf']"}
  (Session info: chrome=121.0.6167.185)
For documentation on this error, please visit: https://www.seleniumhq.org/exceptions/no_such_element.html
Build info: version: '3.141.59', revision: 'e82be7d358', time: '2018-11-14T08:17:03'
System info: host: 'DESKTOP-Q420O00', ip: '192.168.1.100', os.name: 'Windows 10', os.arch: 'amd64', os.version: '10.0', java.version: '17.0.9'
Driver info: org.openqa.selenium.chrome.ChromeDriver
Capabilities {acceptInsecureCerts: false, browserName: chrome, browserVersion: 121.0.6167.185, chrome: {chromedriverVersion: 121.0.6167.184 (057a8ae7deb..., userDataDir: C:\Users\VIBIN\AppData\Loca...}, fedcm:accounts: true, goog:chromeOptions: {debuggerAddress: localhost:59636}, javascriptEnabled: true, networkConnectionEnabled: false, pageLoadStrategy: normal, platform: WINDOWS, platformName: WINDOWS, proxy: Proxy(), setWindowRect: true, strictFileInteractability: false, timeouts: {implicit: 0, pageLoad: 300000, script: 30000}, unhandledPromptBehavior: dismiss and notify, webauthn:extension:credBlob: true, webauthn:extension:largeBlob: true, webauthn:extension:minPinLength: true, webauthn:extension:prf: true, webauthn:virtualAuthenticators: true}
Session ID: 6a429eb455c0ed2e2e68352fd07480c1
*** Element info: {Using=xpath, value=//*[@id='fcf' and @name='fcf']}]]>
            </message>
            <full-stacktrace>
              <![CDATA[org.openqa.selenium.NoSuchElementException: no such element: Unable to locate element: {"method":"xpath","selector":"//*[@id='fcf' and @name='fcf']"}
  (Session info: chrome=121.0.6167.185)
For documentation on this error, please visit: https://www.seleniumhq.org/exceptions/no_such_element.html
Build info: version: '3.141.59', revision: 'e82be7d358', time: '2018-11-14T08:17:03'
System info: host: 'DESKTOP-Q420O00', ip: '192.168.1.100', os.name: 'Windows 10', os.arch: 'amd64', os.version: '10.0', java.version: '17.0.9'
Driver info: org.openqa.selenium.chrome.ChromeDriver
Capabilities {acceptInsecureCerts: false, browserName: chrome, browserVersion: 121.0.6167.185, chrome: {chromedriverVersion: 121.0.6167.184 (057a8ae7deb..., userDataDir: C:\Users\VIBIN\AppData\Loca...}, fedcm:accounts: true, goog:chromeOptions: {debuggerAddress: localhost:59636}, javascriptEnabled: true, networkConnectionEnabled: false, pageLoadStrategy: normal, platform: WINDOWS, platformName: WINDOWS, proxy: Proxy(), setWindowRect: true, strictFileInteractability: false, timeouts: {implicit: 0, pageLoad: 300000, script: 30000}, unhandledPromptBehavior: dismiss and notify, webauthn:extension:credBlob: true, webauthn:extension:largeBlob: true, webauthn:extension:minPinLength: true, webauthn:extension:prf: true, webauthn:virtualAuthenticators: true}
Session ID: 6a429eb455c0ed2e2e68352fd07480c1
*** Element info: {Using=xpath, value=//*[@id='fcf' and @name='fcf']}
at java.base/jdk.internal.reflect.NativeConstructorAccessorImpl.newInstance0(Native Method)
at java.base/jdk.internal.reflect.NativeConstructorAccessorImpl.newInstance(NativeConstructorAccessorImpl.java:77)
at java.base/jdk.internal.reflect.DelegatingConstructorAccessorImpl.newInstance(DelegatingConstructorAccessorImpl.java:45)
at java.base/java.lang.reflect.Constructor.newInstanceWithCaller(Constructor.java:499)
at java.base/java.lang.reflect.Constructor.newInstance(Constructor.java:480)
at org.openqa.selenium.remote.http.W3CHttpResponseCodec.createException(W3CHttpResponseCodec.java:187)
at org.openqa.selenium.remote.http.W3CHttpResponseCodec.decode(W3CHttpResponseCodec.java:122)
at org.openqa.selenium.remote.http.W3CHttpResponseCodec.decode(W3CHttpResponseCodec.java:49)
at org.openqa.selenium.remote.HttpCommandExecutor.execute(HttpCommandExecutor.java:158)
at org.openqa.selenium.remote.service.DriverCommandExecutor.execute(DriverCommandExecutor.java:83)
at org.openqa.selenium.remote.RemoteWebDriver.execute(RemoteWebDriver.java:552)
at org.openqa.selenium.remote.RemoteWebDriver.findElement(RemoteWebDriver.java:323)
at org.openqa.selenium.remote.RemoteWebDriver.findElementByXPath(RemoteWebDriver.java:428)
at org.openqa.selenium.By$ByXPath.findElement(By.java:353)
at org.openqa.selenium.remote.RemoteWebDriver.findElement(RemoteWebDriver.java:315)
at com.salesforce.Test.SalesforceLead.testCase23(SalesforceLead.java:113)
at java.base/jdk.internal.reflect.NativeMethodAccessorImpl.invoke0(Native Method)
at java.base/jdk.internal.reflect.NativeMethodAccessorImpl.invoke(NativeMethodAccessorImpl.java:77)
at java.base/jdk.internal.reflect.DelegatingMethodAccessorImpl.invoke(DelegatingMethodAccessorImpl.java:43)
at java.base/java.lang.reflect.Method.invoke(Method.java:568)
at org.testng.internal.invokers.MethodInvocationHelper.invokeMethod(MethodInvocationHelper.java:139)
at org.testng.internal.invokers.TestInvoker.invokeMethod(TestInvoker.java:677)
at org.testng.internal.invokers.TestInvoker.invokeTestMethod(TestInvoker.java:221)
at org.testng.internal.invokers.MethodRunner.runInSequence(MethodRunner.java:50)
at org.testng.internal.invokers.TestInvoker$MethodInvocationAgent.invoke(TestInvoker.java:969)
at org.testng.internal.invokers.TestInvoker.invokeTestMethods(TestInvoker.java:194)
at org.testng.internal.invokers.TestMethodWorker.invokeTestMethods(TestMethodWorker.java:148)
at org.testng.internal.invokers.TestMethodWorker.run(TestMethodWorker.java:128)
at java.base/java.util.ArrayList.forEach(ArrayList.java:1511)
at org.testng.TestRunner.privateRun(TestRunner.java:829)
at org.testng.TestRunner.run(TestRunner.java:602)
at org.testng.SuiteRunner.runTest(SuiteRunner.java:437)
at org.testng.SuiteRunner.runSequentially(SuiteRunner.java:431)
at org.testng.SuiteRunner.privateRun(SuiteRunner.java:391)
at org.testng.SuiteRunner.run(SuiteRunner.java:330)
at org.testng.SuiteRunnerWorker.runSuite(SuiteRunnerWorker.java:52)
at org.testng.SuiteRunnerWorker.run(SuiteRunnerWorker.java:95)
at org.testng.TestNG.runSuitesSequentially(TestNG.java:1256)
at org.testng.TestNG.runSuitesLocally(TestNG.java:1176)
at org.testng.TestNG.runSuites(TestNG.java:1099)
at org.testng.TestNG.run(TestNG.java:1067)
at org.testng.remote.AbstractRemoteTestNG.run(AbstractRemoteTestNG.java:115)
at org.testng.remote.RemoteTestNG.initAndRun(RemoteTestNG.java:251)
at org.testng.remote.RemoteTestNG.main(RemoteTestNG.java:77)
]]>
            </full-stacktrace>
          </exception> <!-- org.openqa.selenium.NoSuchElementException -->
          <reporter-output>
          </reporter-output>
        </test-method> <!-- testCase23 -->
        <test-method is-config="true" signature="aftermethod()[pri:0, instance:com.salesforce.Test.SalesforceLead@4bd1f8dd]" started-at="2024-02-20T11:46:09 GMT-05:00" name="aftermethod" finished-at="2024-02-20T11:46:09 GMT-05:00" duration-ms="184" status="PASS">
          <reporter-output>
          </reporter-output>
        </test-method> <!-- aftermethod -->
        <test-method is-config="true" signature="beforemethod(java.lang.String)[pri:0, instance:com.salesforce.Test.SalesforceLead@4bd1f8dd]" started-at="2024-02-20T11:46:09 GMT-05:00" name="beforemethod" finished-at="2024-02-20T11:46:11 GMT-05:00" duration-ms="1822" status="PASS">
          <params>
            <param index="0">
              <value>
                <![CDATA[chrome]]>
              </value>
            </param>
          </params>
          <reporter-output>
          </reporter-output>
        </test-method> <!-- beforemethod -->
        <test-method signature="testCase24()[pri:0, instance:com.salesforce.Test.SalesforceLead@4bd1f8dd]" started-at="2024-02-20T11:46:11 GMT-05:00" name="testCase24" finished-at="2024-02-20T11:46:27 GMT-05:00" duration-ms="16282" status="PASS">
          <reporter-output>
          </reporter-output>
        </test-method> <!-- testCase24 -->
        <test-method is-config="true" signature="aftermethod()[pri:0, instance:com.salesforce.Test.SalesforceLead@4bd1f8dd]" started-at="2024-02-20T11:46:27 GMT-05:00" name="aftermethod" finished-at="2024-02-20T11:46:27 GMT-05:00" duration-ms="156" status="PASS">
          <reporter-output>
          </reporter-output>
        </test-method> <!-- aftermethod -->
      </class> <!-- com.salesforce.Test.SalesforceLead -->
      <class name="com.salesforce.Test.SalesforceContacts">
        <test-method is-config="true" signature="beforemethod(java.lang.String)[pri:0, instance:com.salesforce.Test.SalesforceContacts@3c989952]" started-at="2024-02-20T11:46:27 GMT-05:00" name="beforemethod" finished-at="2024-02-20T11:46:29 GMT-05:00" duration-ms="2320" status="PASS">
          <params>
            <param index="0">
              <value>
                <![CDATA[chrome]]>
              </value>
            </param>
          </params>
          <reporter-output>
          </reporter-output>
        </test-method> <!-- beforemethod -->
        <test-method signature="testCase25()[pri:0, instance:com.salesforce.Test.SalesforceContacts@3c989952]" started-at="2024-02-20T11:46:29 GMT-05:00" name="testCase25" finished-at="2024-02-20T11:46:43 GMT-05:00" duration-ms="13491" status="PASS">
          <reporter-output>
          </reporter-output>
        </test-method> <!-- testCase25 -->
        <test-method is-config="true" signature="aftermethod()[pri:0, instance:com.salesforce.Test.SalesforceContacts@3c989952]" started-at="2024-02-20T11:46:43 GMT-05:00" name="aftermethod" finished-at="2024-02-20T11:46:43 GMT-05:00" duration-ms="192" status="PASS">
          <reporter-output>
          </reporter-output>
        </test-method> <!-- aftermethod -->
        <test-method is-config="true" signature="beforemethod(java.lang.String)[pri:0, instance:com.salesforce.Test.SalesforceContacts@3c989952]" started-at="2024-02-20T11:46:43 GMT-05:00" name="beforemethod" finished-at="2024-02-20T11:46:44 GMT-05:00" duration-ms="1333" status="PASS">
          <params>
            <param index="0">
              <value>
                <![CDATA[chrome]]>
              </value>
            </param>
          </params>
          <reporter-output>
          </reporter-output>
        </test-method> <!-- beforemethod -->
        <test-method signature="testCase26()[pri:0, instance:com.salesforce.Test.SalesforceContacts@3c989952]" started-at="2024-02-20T11:46:44 GMT-05:00" name="testCase26" finished-at="2024-02-20T11:46:58 GMT-05:00" duration-ms="14022" status="FAIL">
          <exception class="org.openqa.selenium.NoSuchElementException">
            <message>
              <![CDATA[no such element: Unable to locate element: {"method":"xpath","selector":"//select[@class='title']"}
  (Session info: chrome=121.0.6167.185)
For documentation on this error, please visit: https://www.seleniumhq.org/exceptions/no_such_element.html
Build info: version: '3.141.59', revision: 'e82be7d358', time: '2018-11-14T08:17:03'
System info: host: 'DESKTOP-Q420O00', ip: '192.168.1.100', os.name: 'Windows 10', os.arch: 'amd64', os.version: '10.0', java.version: '17.0.9'
Driver info: org.openqa.selenium.chrome.ChromeDriver
Capabilities {acceptInsecureCerts: false, browserName: chrome, browserVersion: 121.0.6167.185, chrome: {chromedriverVersion: 121.0.6167.184 (057a8ae7deb..., userDataDir: C:\Users\VIBIN\AppData\Loca...}, fedcm:accounts: true, goog:chromeOptions: {debuggerAddress: localhost:59757}, javascriptEnabled: true, networkConnectionEnabled: false, pageLoadStrategy: normal, platform: WINDOWS, platformName: WINDOWS, proxy: Proxy(), setWindowRect: true, strictFileInteractability: false, timeouts: {implicit: 0, pageLoad: 300000, script: 30000}, unhandledPromptBehavior: dismiss and notify, webauthn:extension:credBlob: true, webauthn:extension:largeBlob: true, webauthn:extension:minPinLength: true, webauthn:extension:prf: true, webauthn:virtualAuthenticators: true}
Session ID: a794dc4195e447ed3dcdcc950173f139
*** Element info: {Using=xpath, value=//select[@class='title']}]]>
            </message>
            <full-stacktrace>
              <![CDATA[org.openqa.selenium.NoSuchElementException: no such element: Unable to locate element: {"method":"xpath","selector":"//select[@class='title']"}
  (Session info: chrome=121.0.6167.185)
For documentation on this error, please visit: https://www.seleniumhq.org/exceptions/no_such_element.html
Build info: version: '3.141.59', revision: 'e82be7d358', time: '2018-11-14T08:17:03'
System info: host: 'DESKTOP-Q420O00', ip: '192.168.1.100', os.name: 'Windows 10', os.arch: 'amd64', os.version: '10.0', java.version: '17.0.9'
Driver info: org.openqa.selenium.chrome.ChromeDriver
Capabilities {acceptInsecureCerts: false, browserName: chrome, browserVersion: 121.0.6167.185, chrome: {chromedriverVersion: 121.0.6167.184 (057a8ae7deb..., userDataDir: C:\Users\VIBIN\AppData\Loca...}, fedcm:accounts: true, goog:chromeOptions: {debuggerAddress: localhost:59757}, javascriptEnabled: true, networkConnectionEnabled: false, pageLoadStrategy: normal, platform: WINDOWS, platformName: WINDOWS, proxy: Proxy(), setWindowRect: true, strictFileInteractability: false, timeouts: {implicit: 0, pageLoad: 300000, script: 30000}, unhandledPromptBehavior: dismiss and notify, webauthn:extension:credBlob: true, webauthn:extension:largeBlob: true, webauthn:extension:minPinLength: true, webauthn:extension:prf: true, webauthn:virtualAuthenticators: true}
Session ID: a794dc4195e447ed3dcdcc950173f139
*** Element info: {Using=xpath, value=//select[@class='title']}
at java.base/jdk.internal.reflect.NativeConstructorAccessorImpl.newInstance0(Native Method)
at java.base/jdk.internal.reflect.NativeConstructorAccessorImpl.newInstance(NativeConstructorAccessorImpl.java:77)
at java.base/jdk.internal.reflect.DelegatingConstructorAccessorImpl.newInstance(DelegatingConstructorAccessorImpl.java:45)
at java.base/java.lang.reflect.Constructor.newInstanceWithCaller(Constructor.java:499)
at java.base/java.lang.reflect.Constructor.newInstance(Constructor.java:480)
at org.openqa.selenium.remote.http.W3CHttpResponseCodec.createException(W3CHttpResponseCodec.java:187)
at org.openqa.selenium.remote.http.W3CHttpResponseCodec.decode(W3CHttpResponseCodec.java:122)
at org.openqa.selenium.remote.http.W3CHttpResponseCodec.decode(W3CHttpResponseCodec.java:49)
at org.openqa.selenium.remote.HttpCommandExecutor.execute(HttpCommandExecutor.java:158)
at org.openqa.selenium.remote.service.DriverCommandExecutor.execute(DriverCommandExecutor.java:83)
at org.openqa.selenium.remote.RemoteWebDriver.execute(RemoteWebDriver.java:552)
at org.openqa.selenium.remote.RemoteWebDriver.findElement(RemoteWebDriver.java:323)
at org.openqa.selenium.remote.RemoteWebDriver.findElementByXPath(RemoteWebDriver.java:428)
at org.openqa.selenium.By$ByXPath.findElement(By.java:353)
at org.openqa.selenium.remote.RemoteWebDriver.findElement(RemoteWebDriver.java:315)
at com.salesforce.Test.SalesforceContacts.testCase26(SalesforceContacts.java:83)
at java.base/jdk.internal.reflect.NativeMethodAccessorImpl.invoke0(Native Method)
at java.base/jdk.internal.reflect.NativeMethodAccessorImpl.invoke(NativeMethodAccessorImpl.java:77)
at java.base/jdk.internal.reflect.DelegatingMethodAccessorImpl.invoke(DelegatingMethodAccessorImpl.java:43)
at java.base/java.lang.reflect.Method.invoke(Method.java:568)
at org.testng.internal.invokers.MethodInvocationHelper.invokeMethod(MethodInvocationHelper.java:139)
at org.testng.internal.invokers.TestInvoker.invokeMethod(TestInvoker.java:677)
at org.testng.internal.invokers.TestInvoker.invokeTestMethod(TestInvoker.java:221)
at org.testng.internal.invokers.MethodRunner.runInSequence(MethodRunner.java:50)
at org.testng.internal.invokers.TestInvoker$MethodInvocationAgent.invoke(TestInvoker.java:969)
at org.testng.internal.invokers.TestInvoker.invokeTestMethods(TestInvoker.java:194)
at org.testng.internal.invokers.TestMethodWorker.invokeTestMethods(TestMethodWorker.java:148)
at org.testng.internal.invokers.TestMethodWorker.run(TestMethodWorker.java:128)
at java.base/java.util.ArrayList.forEach(ArrayList.java:1511)
at org.testng.TestRunner.privateRun(TestRunner.java:829)
at org.testng.TestRunner.run(TestRunner.java:602)
at org.testng.SuiteRunner.runTest(SuiteRunner.java:437)
at org.testng.SuiteRunner.runSequentially(SuiteRunner.java:431)
at org.testng.SuiteRunner.privateRun(SuiteRunner.java:391)
at org.testng.SuiteRunner.run(SuiteRunner.java:330)
at org.testng.SuiteRunnerWorker.runSuite(SuiteRunnerWorker.java:52)
at org.testng.SuiteRunnerWorker.run(SuiteRunnerWorker.java:95)
at org.testng.TestNG.runSuitesSequentially(TestNG.java:1256)
at org.testng.TestNG.runSuitesLocally(TestNG.java:1176)
at org.testng.TestNG.runSuites(TestNG.java:1099)
at org.testng.TestNG.run(TestNG.java:1067)
at org.testng.remote.AbstractRemoteTestNG.run(AbstractRemoteTestNG.java:115)
at org.testng.remote.RemoteTestNG.initAndRun(RemoteTestNG.java:251)
at org.testng.remote.RemoteTestNG.main(RemoteTestNG.java:77)
]]>
            </full-stacktrace>
          </exception> <!-- org.openqa.selenium.NoSuchElementException -->
          <reporter-output>
          </reporter-output>
        </test-method> <!-- testCase26 -->
        <test-method is-config="true" signature="aftermethod()[pri:0, instance:com.salesforce.Test.SalesforceContacts@3c989952]" started-at="2024-02-20T11:46:59 GMT-05:00" name="aftermethod" finished-at="2024-02-20T11:46:59 GMT-05:00" duration-ms="159" status="PASS">
          <reporter-output>
          </reporter-output>
        </test-method> <!-- aftermethod -->
        <test-method is-config="true" signature="beforemethod(java.lang.String)[pri:0, instance:com.salesforce.Test.SalesforceContacts@3c989952]" started-at="2024-02-20T11:46:59 GMT-05:00" name="beforemethod" finished-at="2024-02-20T11:47:00 GMT-05:00" duration-ms="1362" status="PASS">
          <params>
            <param index="0">
              <value>
                <![CDATA[chrome]]>
              </value>
            </param>
          </params>
          <reporter-output>
          </reporter-output>
        </test-method> <!-- beforemethod -->
        <test-method signature="testCase27()[pri:0, instance:com.salesforce.Test.SalesforceContacts@3c989952]" started-at="2024-02-20T11:47:00 GMT-05:00" name="testCase27" finished-at="2024-02-20T11:47:12 GMT-05:00" duration-ms="11600" status="PASS">
          <reporter-output>
          </reporter-output>
        </test-method> <!-- testCase27 -->
        <test-method is-config="true" signature="aftermethod()[pri:0, instance:com.salesforce.Test.SalesforceContacts@3c989952]" started-at="2024-02-20T11:47:12 GMT-05:00" name="aftermethod" finished-at="2024-02-20T11:47:12 GMT-05:00" duration-ms="158" status="PASS">
          <reporter-output>
          </reporter-output>
        </test-method> <!-- aftermethod -->
        <test-method is-config="true" signature="beforemethod(java.lang.String)[pri:0, instance:com.salesforce.Test.SalesforceContacts@3c989952]" started-at="2024-02-20T11:47:12 GMT-05:00" name="beforemethod" finished-at="2024-02-20T11:47:13 GMT-05:00" duration-ms="1527" status="PASS">
          <params>
            <param index="0">
              <value>
                <![CDATA[chrome]]>
              </value>
            </param>
          </params>
          <reporter-output>
          </reporter-output>
        </test-method> <!-- beforemethod -->
        <test-method signature="testCase28()[pri:0, instance:com.salesforce.Test.SalesforceContacts@3c989952]" started-at="2024-02-20T11:47:13 GMT-05:00" name="testCase28" finished-at="2024-02-20T11:47:25 GMT-05:00" duration-ms="11325" status="PASS">
          <reporter-output>
          </reporter-output>
        </test-method> <!-- testCase28 -->
        <test-method is-config="true" signature="aftermethod()[pri:0, instance:com.salesforce.Test.SalesforceContacts@3c989952]" started-at="2024-02-20T11:47:25 GMT-05:00" name="aftermethod" finished-at="2024-02-20T11:47:25 GMT-05:00" duration-ms="175" status="PASS">
          <reporter-output>
          </reporter-output>
        </test-method> <!-- aftermethod -->
        <test-method is-config="true" signature="beforemethod(java.lang.String)[pri:0, instance:com.salesforce.Test.SalesforceContacts@3c989952]" started-at="2024-02-20T11:47:25 GMT-05:00" name="beforemethod" finished-at="2024-02-20T11:47:26 GMT-05:00" duration-ms="1442" status="PASS">
          <params>
            <param index="0">
              <value>
                <![CDATA[chrome]]>
              </value>
            </param>
          </params>
          <reporter-output>
          </reporter-output>
        </test-method> <!-- beforemethod -->
        <test-method signature="testCase29()[pri:0, instance:com.salesforce.Test.SalesforceContacts@3c989952]" started-at="2024-02-20T11:47:26 GMT-05:00" name="testCase29" finished-at="2024-02-20T11:47:35 GMT-05:00" duration-ms="9023" status="PASS">
          <reporter-output>
          </reporter-output>
        </test-method> <!-- testCase29 -->
        <test-method is-config="true" signature="aftermethod()[pri:0, instance:com.salesforce.Test.SalesforceContacts@3c989952]" started-at="2024-02-20T11:47:35 GMT-05:00" name="aftermethod" finished-at="2024-02-20T11:47:35 GMT-05:00" duration-ms="139" status="PASS">
          <reporter-output>
          </reporter-output>
        </test-method> <!-- aftermethod -->
        <test-method is-config="true" signature="beforemethod(java.lang.String)[pri:0, instance:com.salesforce.Test.SalesforceContacts@3c989952]" started-at="2024-02-20T11:47:35 GMT-05:00" name="beforemethod" finished-at="2024-02-20T11:47:37 GMT-05:00" duration-ms="1509" status="PASS">
          <params>
            <param index="0">
              <value>
                <![CDATA[chrome]]>
              </value>
            </param>
          </params>
          <reporter-output>
          </reporter-output>
        </test-method> <!-- beforemethod -->
        <test-method signature="testCase30()[pri:0, instance:com.salesforce.Test.SalesforceContacts@3c989952]" started-at="2024-02-20T11:47:37 GMT-05:00" name="testCase30" finished-at="2024-02-20T11:47:52 GMT-05:00" duration-ms="14688" status="FAIL">
          <exception class="org.openqa.selenium.NoSuchElementException">
            <message>
              <![CDATA[no such element: Unable to locate element: {"method":"xpath","selector":"//*[@id="editPage"]/div[2]/div[1]/div[2]/table/tbody/tr[1]/td[2]/div/div[2]"}
  (Session info: chrome=121.0.6167.185)
For documentation on this error, please visit: https://www.seleniumhq.org/exceptions/no_such_element.html
Build info: version: '3.141.59', revision: 'e82be7d358', time: '2018-11-14T08:17:03'
System info: host: 'DESKTOP-Q420O00', ip: '192.168.1.100', os.name: 'Windows 10', os.arch: 'amd64', os.version: '10.0', java.version: '17.0.9'
Driver info: org.openqa.selenium.chrome.ChromeDriver
Capabilities {acceptInsecureCerts: false, browserName: chrome, browserVersion: 121.0.6167.185, chrome: {chromedriverVersion: 121.0.6167.184 (057a8ae7deb..., userDataDir: C:\Users\VIBIN\AppData\Loca...}, fedcm:accounts: true, goog:chromeOptions: {debuggerAddress: localhost:59920}, javascriptEnabled: true, networkConnectionEnabled: false, pageLoadStrategy: normal, platform: WINDOWS, platformName: WINDOWS, proxy: Proxy(), setWindowRect: true, strictFileInteractability: false, timeouts: {implicit: 0, pageLoad: 300000, script: 30000}, unhandledPromptBehavior: dismiss and notify, webauthn:extension:credBlob: true, webauthn:extension:largeBlob: true, webauthn:extension:minPinLength: true, webauthn:extension:prf: true, webauthn:virtualAuthenticators: true}
Session ID: 88e389371e69032bb362b4d438ceb004
*** Element info: {Using=xpath, value=//*[@id="editPage"]/div[2]/div[1]/div[2]/table/tbody/tr[1]/td[2]/div/div[2]}]]>
            </message>
            <full-stacktrace>
              <![CDATA[org.openqa.selenium.NoSuchElementException: no such element: Unable to locate element: {"method":"xpath","selector":"//*[@id="editPage"]/div[2]/div[1]/div[2]/table/tbody/tr[1]/td[2]/div/div[2]"}
  (Session info: chrome=121.0.6167.185)
For documentation on this error, please visit: https://www.seleniumhq.org/exceptions/no_such_element.html
Build info: version: '3.141.59', revision: 'e82be7d358', time: '2018-11-14T08:17:03'
System info: host: 'DESKTOP-Q420O00', ip: '192.168.1.100', os.name: 'Windows 10', os.arch: 'amd64', os.version: '10.0', java.version: '17.0.9'
Driver info: org.openqa.selenium.chrome.ChromeDriver
Capabilities {acceptInsecureCerts: false, browserName: chrome, browserVersion: 121.0.6167.185, chrome: {chromedriverVersion: 121.0.6167.184 (057a8ae7deb..., userDataDir: C:\Users\VIBIN\AppData\Loca...}, fedcm:accounts: true, goog:chromeOptions: {debuggerAddress: localhost:59920}, javascriptEnabled: true, networkConnectionEnabled: false, pageLoadStrategy: normal, platform: WINDOWS, platformName: WINDOWS, proxy: Proxy(), setWindowRect: true, strictFileInteractability: false, timeouts: {implicit: 0, pageLoad: 300000, script: 30000}, unhandledPromptBehavior: dismiss and notify, webauthn:extension:credBlob: true, webauthn:extension:largeBlob: true, webauthn:extension:minPinLength: true, webauthn:extension:prf: true, webauthn:virtualAuthenticators: true}
Session ID: 88e389371e69032bb362b4d438ceb004
*** Element info: {Using=xpath, value=//*[@id="editPage"]/div[2]/div[1]/div[2]/table/tbody/tr[1]/td[2]/div/div[2]}
at java.base/jdk.internal.reflect.NativeConstructorAccessorImpl.newInstance0(Native Method)
at java.base/jdk.internal.reflect.NativeConstructorAccessorImpl.newInstance(NativeConstructorAccessorImpl.java:77)
at java.base/jdk.internal.reflect.DelegatingConstructorAccessorImpl.newInstance(DelegatingConstructorAccessorImpl.java:45)
at java.base/java.lang.reflect.Constructor.newInstanceWithCaller(Constructor.java:499)
at java.base/java.lang.reflect.Constructor.newInstance(Constructor.java:480)
at org.openqa.selenium.remote.http.W3CHttpResponseCodec.createException(W3CHttpResponseCodec.java:187)
at org.openqa.selenium.remote.http.W3CHttpResponseCodec.decode(W3CHttpResponseCodec.java:122)
at org.openqa.selenium.remote.http.W3CHttpResponseCodec.decode(W3CHttpResponseCodec.java:49)
at org.openqa.selenium.remote.HttpCommandExecutor.execute(HttpCommandExecutor.java:158)
at org.openqa.selenium.remote.service.DriverCommandExecutor.execute(DriverCommandExecutor.java:83)
at org.openqa.selenium.remote.RemoteWebDriver.execute(RemoteWebDriver.java:552)
at org.openqa.selenium.remote.RemoteWebDriver.findElement(RemoteWebDriver.java:323)
at org.openqa.selenium.remote.RemoteWebDriver.findElementByXPath(RemoteWebDriver.java:428)
at org.openqa.selenium.By$ByXPath.findElement(By.java:353)
at org.openqa.selenium.remote.RemoteWebDriver.findElement(RemoteWebDriver.java:315)
at com.salesforce.Test.SalesforceContacts.testCase30(SalesforceContacts.java:158)
at java.base/jdk.internal.reflect.NativeMethodAccessorImpl.invoke0(Native Method)
at java.base/jdk.internal.reflect.NativeMethodAccessorImpl.invoke(NativeMethodAccessorImpl.java:77)
at java.base/jdk.internal.reflect.DelegatingMethodAccessorImpl.invoke(DelegatingMethodAccessorImpl.java:43)
at java.base/java.lang.reflect.Method.invoke(Method.java:568)
at org.testng.internal.invokers.MethodInvocationHelper.invokeMethod(MethodInvocationHelper.java:139)
at org.testng.internal.invokers.TestInvoker.invokeMethod(TestInvoker.java:677)
at org.testng.internal.invokers.TestInvoker.invokeTestMethod(TestInvoker.java:221)
at org.testng.internal.invokers.MethodRunner.runInSequence(MethodRunner.java:50)
at org.testng.internal.invokers.TestInvoker$MethodInvocationAgent.invoke(TestInvoker.java:969)
at org.testng.internal.invokers.TestInvoker.invokeTestMethods(TestInvoker.java:194)
at org.testng.internal.invokers.TestMethodWorker.invokeTestMethods(TestMethodWorker.java:148)
at org.testng.internal.invokers.TestMethodWorker.run(TestMethodWorker.java:128)
at java.base/java.util.ArrayList.forEach(ArrayList.java:1511)
at org.testng.TestRunner.privateRun(TestRunner.java:829)
at org.testng.TestRunner.run(TestRunner.java:602)
at org.testng.SuiteRunner.runTest(SuiteRunner.java:437)
at org.testng.SuiteRunner.runSequentially(SuiteRunner.java:431)
at org.testng.SuiteRunner.privateRun(SuiteRunner.java:391)
at org.testng.SuiteRunner.run(SuiteRunner.java:330)
at org.testng.SuiteRunnerWorker.runSuite(SuiteRunnerWorker.java:52)
at org.testng.SuiteRunnerWorker.run(SuiteRunnerWorker.java:95)
at org.testng.TestNG.runSuitesSequentially(TestNG.java:1256)
at org.testng.TestNG.runSuitesLocally(TestNG.java:1176)
at org.testng.TestNG.runSuites(TestNG.java:1099)
at org.testng.TestNG.run(TestNG.java:1067)
at org.testng.remote.AbstractRemoteTestNG.run(AbstractRemoteTestNG.java:115)
at org.testng.remote.RemoteTestNG.initAndRun(RemoteTestNG.java:251)
at org.testng.remote.RemoteTestNG.main(RemoteTestNG.java:77)
]]>
            </full-stacktrace>
          </exception> <!-- org.openqa.selenium.NoSuchElementException -->
          <reporter-output>
          </reporter-output>
        </test-method> <!-- testCase30 -->
        <test-method is-config="true" signature="aftermethod()[pri:0, instance:com.salesforce.Test.SalesforceContacts@3c989952]" started-at="2024-02-20T11:47:52 GMT-05:00" name="aftermethod" finished-at="2024-02-20T11:47:52 GMT-05:00" duration-ms="149" status="PASS">
          <reporter-output>
          </reporter-output>
        </test-method> <!-- aftermethod -->
        <test-method is-config="true" signature="beforemethod(java.lang.String)[pri:0, instance:com.salesforce.Test.SalesforceContacts@3c989952]" started-at="2024-02-20T11:47:52 GMT-05:00" name="beforemethod" finished-at="2024-02-20T11:47:53 GMT-05:00" duration-ms="1438" status="PASS">
          <params>
            <param index="0">
              <value>
                <![CDATA[chrome]]>
              </value>
            </param>
          </params>
          <reporter-output>
          </reporter-output>
        </test-method> <!-- beforemethod -->
        <test-method signature="testCase31()[pri:0, instance:com.salesforce.Test.SalesforceContacts@3c989952]" started-at="2024-02-20T11:47:53 GMT-05:00" name="testCase31" finished-at="2024-02-20T11:48:05 GMT-05:00" duration-ms="11263" status="PASS">
          <reporter-output>
          </reporter-output>
        </test-method> <!-- testCase31 -->
        <test-method is-config="true" signature="aftermethod()[pri:0, instance:com.salesforce.Test.SalesforceContacts@3c989952]" started-at="2024-02-20T11:48:05 GMT-05:00" name="aftermethod" finished-at="2024-02-20T11:48:05 GMT-05:00" duration-ms="224" status="PASS">
          <reporter-output>
          </reporter-output>
        </test-method> <!-- aftermethod -->
        <test-method is-config="true" signature="beforemethod(java.lang.String)[pri:0, instance:com.salesforce.Test.SalesforceContacts@3c989952]" started-at="2024-02-20T11:48:05 GMT-05:00" name="beforemethod" finished-at="2024-02-20T11:48:06 GMT-05:00" duration-ms="1356" status="PASS">
          <params>
            <param index="0">
              <value>
                <![CDATA[chrome]]>
              </value>
            </param>
          </params>
          <reporter-output>
          </reporter-output>
        </test-method> <!-- beforemethod -->
        <test-method signature="testCase32()[pri:0, instance:com.salesforce.Test.SalesforceContacts@3c989952]" started-at="2024-02-20T11:48:06 GMT-05:00" name="testCase32" finished-at="2024-02-20T11:48:19 GMT-05:00" duration-ms="13117" status="PASS">
          <reporter-output>
          </reporter-output>
        </test-method> <!-- testCase32 -->
        <test-method is-config="true" signature="aftermethod()[pri:0, instance:com.salesforce.Test.SalesforceContacts@3c989952]" started-at="2024-02-20T11:48:19 GMT-05:00" name="aftermethod" finished-at="2024-02-20T11:48:20 GMT-05:00" duration-ms="210" status="PASS">
          <reporter-output>
          </reporter-output>
        </test-method> <!-- aftermethod -->
      </class> <!-- com.salesforce.Test.SalesforceContacts -->
      <class name="com.salesforce.Test.SalesforceCreateOpportunity">
        <test-method is-config="true" signature="beforemethod(java.lang.String)[pri:0, instance:com.salesforce.Test.SalesforceCreateOpportunity@5c8504fd]" started-at="2024-02-20T11:39:44 GMT-05:00" name="beforemethod" finished-at="2024-02-20T11:39:45 GMT-05:00" duration-ms="1575" status="PASS">
          <params>
            <param index="0">
              <value>
                <![CDATA[chrome]]>
              </value>
            </param>
          </params>
          <reporter-output>
          </reporter-output>
        </test-method> <!-- beforemethod -->
        <test-method signature="testcase15()[pri:0, instance:com.salesforce.Test.SalesforceCreateOpportunity@5c8504fd]" started-at="2024-02-20T11:39:45 GMT-05:00" name="testcase15" finished-at="2024-02-20T11:39:56 GMT-05:00" duration-ms="10172" status="PASS">
          <reporter-output>
          </reporter-output>
        </test-method> <!-- testcase15 -->
        <test-method is-config="true" signature="aftermethod()[pri:0, instance:com.salesforce.Test.SalesforceCreateOpportunity@5c8504fd]" started-at="2024-02-20T11:39:56 GMT-05:00" name="aftermethod" finished-at="2024-02-20T11:39:56 GMT-05:00" duration-ms="281" status="PASS">
          <reporter-output>
          </reporter-output>
        </test-method> <!-- aftermethod -->
        <test-method is-config="true" signature="beforemethod(java.lang.String)[pri:0, instance:com.salesforce.Test.SalesforceCreateOpportunity@5c8504fd]" started-at="2024-02-20T11:39:56 GMT-05:00" name="beforemethod" finished-at="2024-02-20T11:39:58 GMT-05:00" duration-ms="2443" status="PASS">
          <params>
            <param index="0">
              <value>
                <![CDATA[chrome]]>
              </value>
            </param>
          </params>
          <reporter-output>
          </reporter-output>
        </test-method> <!-- beforemethod -->
        <test-method signature="testcase16()[pri:0, instance:com.salesforce.Test.SalesforceCreateOpportunity@5c8504fd]" started-at="2024-02-20T11:39:58 GMT-05:00" name="testcase16" finished-at="2024-02-20T11:40:16 GMT-05:00" duration-ms="17739" status="PASS">
          <reporter-output>
          </reporter-output>
        </test-method> <!-- testcase16 -->
        <test-method is-config="true" signature="aftermethod()[pri:0, instance:com.salesforce.Test.SalesforceCreateOpportunity@5c8504fd]" started-at="2024-02-20T11:40:16 GMT-05:00" name="aftermethod" finished-at="2024-02-20T11:40:16 GMT-05:00" duration-ms="213" status="PASS">
          <reporter-output>
          </reporter-output>
        </test-method> <!-- aftermethod -->
        <test-method is-config="true" signature="beforemethod(java.lang.String)[pri:0, instance:com.salesforce.Test.SalesforceCreateOpportunity@5c8504fd]" started-at="2024-02-20T11:40:16 GMT-05:00" name="beforemethod" finished-at="2024-02-20T11:40:18 GMT-05:00" duration-ms="1408" status="PASS">
          <params>
            <param index="0">
              <value>
                <![CDATA[chrome]]>
              </value>
            </param>
          </params>
          <reporter-output>
          </reporter-output>
        </test-method> <!-- beforemethod -->
        <test-method signature="testcase17()[pri:0, instance:com.salesforce.Test.SalesforceCreateOpportunity@5c8504fd]" started-at="2024-02-20T11:40:18 GMT-05:00" name="testcase17" finished-at="2024-02-20T11:40:31 GMT-05:00" duration-ms="13628" status="PASS">
          <reporter-output>
          </reporter-output>
        </test-method> <!-- testcase17 -->
        <test-method is-config="true" signature="aftermethod()[pri:0, instance:com.salesforce.Test.SalesforceCreateOpportunity@5c8504fd]" started-at="2024-02-20T11:40:31 GMT-05:00" name="aftermethod" finished-at="2024-02-20T11:40:31 GMT-05:00" duration-ms="178" status="PASS">
          <reporter-output>
          </reporter-output>
        </test-method> <!-- aftermethod -->
        <test-method is-config="true" signature="beforemethod(java.lang.String)[pri:0, instance:com.salesforce.Test.SalesforceCreateOpportunity@5c8504fd]" started-at="2024-02-20T11:40:31 GMT-05:00" name="beforemethod" finished-at="2024-02-20T11:40:33 GMT-05:00" duration-ms="1427" status="PASS">
          <params>
            <param index="0">
              <value>
                <![CDATA[chrome]]>
              </value>
            </param>
          </params>
          <reporter-output>
          </reporter-output>
        </test-method> <!-- beforemethod -->
        <test-method signature="testcase18()[pri:0, instance:com.salesforce.Test.SalesforceCreateOpportunity@5c8504fd]" started-at="2024-02-20T11:40:33 GMT-05:00" name="testcase18" finished-at="2024-02-20T11:40:44 GMT-05:00" duration-ms="11450" status="PASS">
          <reporter-output>
          </reporter-output>
        </test-method> <!-- testcase18 -->
        <test-method is-config="true" signature="aftermethod()[pri:0, instance:com.salesforce.Test.SalesforceCreateOpportunity@5c8504fd]" started-at="2024-02-20T11:40:44 GMT-05:00" name="aftermethod" finished-at="2024-02-20T11:40:45 GMT-05:00" duration-ms="264" status="PASS">
          <reporter-output>
          </reporter-output>
        </test-method> <!-- aftermethod -->
        <test-method is-config="true" signature="beforemethod(java.lang.String)[pri:0, instance:com.salesforce.Test.SalesforceCreateOpportunity@5c8504fd]" started-at="2024-02-20T11:40:45 GMT-05:00" name="beforemethod" finished-at="2024-02-20T11:40:46 GMT-05:00" duration-ms="1369" status="PASS">
          <params>
            <param index="0">
              <value>
                <![CDATA[chrome]]>
              </value>
            </param>
          </params>
          <reporter-output>
          </reporter-output>
        </test-method> <!-- beforemethod -->
        <test-method signature="testcase19()[pri:0, instance:com.salesforce.Test.SalesforceCreateOpportunity@5c8504fd]" started-at="2024-02-20T11:40:46 GMT-05:00" name="testcase19" finished-at="2024-02-20T11:40:56 GMT-05:00" duration-ms="10195" status="PASS">
          <reporter-output>
          </reporter-output>
        </test-method> <!-- testcase19 -->
        <test-method is-config="true" signature="aftermethod()[pri:0, instance:com.salesforce.Test.SalesforceCreateOpportunity@5c8504fd]" started-at="2024-02-20T11:40:56 GMT-05:00" name="aftermethod" finished-at="2024-02-20T11:40:56 GMT-05:00" duration-ms="211" status="PASS">
          <reporter-output>
          </reporter-output>
        </test-method> <!-- aftermethod -->
      </class> <!-- com.salesforce.Test.SalesforceCreateOpportunity -->
      <class name="com.salesforce.Test.SalesForceDropDownMenu">
        <test-method is-config="true" signature="beforemethod(java.lang.String)[pri:0, instance:com.salesforce.Test.SalesForceDropDownMenu@3f07b12c]" started-at="2024-02-20T11:43:32 GMT-05:00" name="beforemethod" finished-at="2024-02-20T11:43:33 GMT-05:00" duration-ms="1568" status="PASS">
          <params>
            <param index="0">
              <value>
                <![CDATA[chrome]]>
              </value>
            </param>
          </params>
          <reporter-output>
          </reporter-output>
        </test-method> <!-- beforemethod -->
        <test-method signature="testCase5()[pri:0, instance:com.salesforce.Test.SalesForceDropDownMenu@3f07b12c]" started-at="2024-02-20T11:43:33 GMT-05:00" name="testCase5" finished-at="2024-02-20T11:43:43 GMT-05:00" duration-ms="9639" status="PASS">
          <reporter-output>
          </reporter-output>
        </test-method> <!-- testCase5 -->
        <test-method is-config="true" signature="aftermethod()[pri:0, instance:com.salesforce.Test.SalesForceDropDownMenu@3f07b12c]" started-at="2024-02-20T11:43:43 GMT-05:00" name="aftermethod" finished-at="2024-02-20T11:43:43 GMT-05:00" duration-ms="158" status="PASS">
          <reporter-output>
          </reporter-output>
        </test-method> <!-- aftermethod -->
        <test-method is-config="true" signature="beforemethod(java.lang.String)[pri:0, instance:com.salesforce.Test.SalesForceDropDownMenu@3f07b12c]" started-at="2024-02-20T11:43:43 GMT-05:00" name="beforemethod" finished-at="2024-02-20T11:43:45 GMT-05:00" duration-ms="1547" status="PASS">
          <params>
            <param index="0">
              <value>
                <![CDATA[chrome]]>
              </value>
            </param>
          </params>
          <reporter-output>
          </reporter-output>
        </test-method> <!-- beforemethod -->
        <test-method signature="testCase6()[pri:0, instance:com.salesforce.Test.SalesForceDropDownMenu@3f07b12c]" started-at="2024-02-20T11:43:45 GMT-05:00" name="testCase6" finished-at="2024-02-20T11:44:06 GMT-05:00" duration-ms="21256" status="FAIL">
          <exception class="org.openqa.selenium.ElementClickInterceptedException">
            <message>
              <![CDATA[element click intercepted: Element <a href="javascript:void(0);" title="Post" class="publisherattach publisherattachTextPost withArrowAttached" id="publisherAttachTextPost" onclick="chatter.getPublisher().openTypeSpecificPanel(this, 'TextPost', 'TextPost', event);">...</a> is not clickable at point (265, 240). Other element would receive the click: <div class="overlayBackground" style="width: 1366px; height: 2455px; display: block;"></div>
  (Session info: chrome=121.0.6167.185)
Build info: version: '3.141.59', revision: 'e82be7d358', time: '2018-11-14T08:17:03'
System info: host: 'DESKTOP-Q420O00', ip: '192.168.1.100', os.name: 'Windows 10', os.arch: 'amd64', os.version: '10.0', java.version: '17.0.9'
Driver info: org.openqa.selenium.chrome.ChromeDriver
Capabilities {acceptInsecureCerts: false, browserName: chrome, browserVersion: 121.0.6167.185, chrome: {chromedriverVersion: 121.0.6167.184 (057a8ae7deb..., userDataDir: C:\Users\VIBIN\AppData\Loca...}, fedcm:accounts: true, goog:chromeOptions: {debuggerAddress: localhost:59326}, javascriptEnabled: true, networkConnectionEnabled: false, pageLoadStrategy: normal, platform: WINDOWS, platformName: WINDOWS, proxy: Proxy(), setWindowRect: true, strictFileInteractability: false, timeouts: {implicit: 0, pageLoad: 300000, script: 30000}, unhandledPromptBehavior: dismiss and notify, webauthn:extension:credBlob: true, webauthn:extension:largeBlob: true, webauthn:extension:minPinLength: true, webauthn:extension:prf: true, webauthn:virtualAuthenticators: true}
Session ID: e4b8c8b31542d759d951ca0d68ba36f7]]>
            </message>
            <full-stacktrace>
              <![CDATA[org.openqa.selenium.ElementClickInterceptedException: element click intercepted: Element <a href="javascript:void(0);" title="Post" class="publisherattach publisherattachTextPost withArrowAttached" id="publisherAttachTextPost" onclick="chatter.getPublisher().openTypeSpecificPanel(this, 'TextPost', 'TextPost', event);">...</a> is not clickable at point (265, 240). Other element would receive the click: <div class="overlayBackground" style="width: 1366px; height: 2455px; display: block;"></div>
  (Session info: chrome=121.0.6167.185)
Build info: version: '3.141.59', revision: 'e82be7d358', time: '2018-11-14T08:17:03'
System info: host: 'DESKTOP-Q420O00', ip: '192.168.1.100', os.name: 'Windows 10', os.arch: 'amd64', os.version: '10.0', java.version: '17.0.9'
Driver info: org.openqa.selenium.chrome.ChromeDriver
Capabilities {acceptInsecureCerts: false, browserName: chrome, browserVersion: 121.0.6167.185, chrome: {chromedriverVersion: 121.0.6167.184 (057a8ae7deb..., userDataDir: C:\Users\VIBIN\AppData\Loca...}, fedcm:accounts: true, goog:chromeOptions: {debuggerAddress: localhost:59326}, javascriptEnabled: true, networkConnectionEnabled: false, pageLoadStrategy: normal, platform: WINDOWS, platformName: WINDOWS, proxy: Proxy(), setWindowRect: true, strictFileInteractability: false, timeouts: {implicit: 0, pageLoad: 300000, script: 30000}, unhandledPromptBehavior: dismiss and notify, webauthn:extension:credBlob: true, webauthn:extension:largeBlob: true, webauthn:extension:minPinLength: true, webauthn:extension:prf: true, webauthn:virtualAuthenticators: true}
Session ID: e4b8c8b31542d759d951ca0d68ba36f7
at java.base/jdk.internal.reflect.NativeConstructorAccessorImpl.newInstance0(Native Method)
at java.base/jdk.internal.reflect.NativeConstructorAccessorImpl.newInstance(NativeConstructorAccessorImpl.java:77)
at java.base/jdk.internal.reflect.DelegatingConstructorAccessorImpl.newInstance(DelegatingConstructorAccessorImpl.java:45)
at java.base/java.lang.reflect.Constructor.newInstanceWithCaller(Constructor.java:499)
at java.base/java.lang.reflect.Constructor.newInstance(Constructor.java:480)
at org.openqa.selenium.remote.http.W3CHttpResponseCodec.createException(W3CHttpResponseCodec.java:187)
at org.openqa.selenium.remote.http.W3CHttpResponseCodec.decode(W3CHttpResponseCodec.java:122)
at org.openqa.selenium.remote.http.W3CHttpResponseCodec.decode(W3CHttpResponseCodec.java:49)
at org.openqa.selenium.remote.HttpCommandExecutor.execute(HttpCommandExecutor.java:158)
at org.openqa.selenium.remote.service.DriverCommandExecutor.execute(DriverCommandExecutor.java:83)
at org.openqa.selenium.remote.RemoteWebDriver.execute(RemoteWebDriver.java:552)
at org.openqa.selenium.remote.RemoteWebElement.execute(RemoteWebElement.java:285)
at org.openqa.selenium.remote.RemoteWebElement.click(RemoteWebElement.java:84)
at com.salesforce.bases.BaseTest.clickElement(BaseTest.java:134)
at com.salesforce.Test.SalesForceDropDownMenu.testCase6(SalesForceDropDownMenu.java:81)
at java.base/jdk.internal.reflect.NativeMethodAccessorImpl.invoke0(Native Method)
at java.base/jdk.internal.reflect.NativeMethodAccessorImpl.invoke(NativeMethodAccessorImpl.java:77)
at java.base/jdk.internal.reflect.DelegatingMethodAccessorImpl.invoke(DelegatingMethodAccessorImpl.java:43)
at java.base/java.lang.reflect.Method.invoke(Method.java:568)
at org.testng.internal.invokers.MethodInvocationHelper.invokeMethod(MethodInvocationHelper.java:139)
at org.testng.internal.invokers.TestInvoker.invokeMethod(TestInvoker.java:677)
at org.testng.internal.invokers.TestInvoker.invokeTestMethod(TestInvoker.java:221)
at org.testng.internal.invokers.MethodRunner.runInSequence(MethodRunner.java:50)
at org.testng.internal.invokers.TestInvoker$MethodInvocationAgent.invoke(TestInvoker.java:969)
at org.testng.internal.invokers.TestInvoker.invokeTestMethods(TestInvoker.java:194)
at org.testng.internal.invokers.TestMethodWorker.invokeTestMethods(TestMethodWorker.java:148)
at org.testng.internal.invokers.TestMethodWorker.run(TestMethodWorker.java:128)
at java.base/java.util.ArrayList.forEach(ArrayList.java:1511)
at org.testng.TestRunner.privateRun(TestRunner.java:829)
at org.testng.TestRunner.run(TestRunner.java:602)
at org.testng.SuiteRunner.runTest(SuiteRunner.java:437)
at org.testng.SuiteRunner.runSequentially(SuiteRunner.java:431)
at org.testng.SuiteRunner.privateRun(SuiteRunner.java:391)
at org.testng.SuiteRunner.run(SuiteRunner.java:330)
at org.testng.SuiteRunnerWorker.runSuite(SuiteRunnerWorker.java:52)
at org.testng.SuiteRunnerWorker.run(SuiteRunnerWorker.java:95)
at org.testng.TestNG.runSuitesSequentially(TestNG.java:1256)
at org.testng.TestNG.runSuitesLocally(TestNG.java:1176)
at org.testng.TestNG.runSuites(TestNG.java:1099)
at org.testng.TestNG.run(TestNG.java:1067)
at org.testng.remote.AbstractRemoteTestNG.run(AbstractRemoteTestNG.java:115)
at org.testng.remote.RemoteTestNG.initAndRun(RemoteTestNG.java:251)
at org.testng.remote.RemoteTestNG.main(RemoteTestNG.java:77)
]]>
            </full-stacktrace>
          </exception> <!-- org.openqa.selenium.ElementClickInterceptedException -->
          <reporter-output>
          </reporter-output>
        </test-method> <!-- testCase6 -->
        <test-method is-config="true" signature="aftermethod()[pri:0, instance:com.salesforce.Test.SalesForceDropDownMenu@3f07b12c]" started-at="2024-02-20T11:44:06 GMT-05:00" name="aftermethod" finished-at="2024-02-20T11:44:06 GMT-05:00" duration-ms="109" status="PASS">
          <reporter-output>
          </reporter-output>
        </test-method> <!-- aftermethod -->
        <test-method is-config="true" signature="beforemethod(java.lang.String)[pri:0, instance:com.salesforce.Test.SalesForceDropDownMenu@3f07b12c]" started-at="2024-02-20T11:44:06 GMT-05:00" name="beforemethod" finished-at="2024-02-20T11:44:08 GMT-05:00" duration-ms="1671" status="PASS">
          <params>
            <param index="0">
              <value>
                <![CDATA[chrome]]>
              </value>
            </param>
          </params>
          <reporter-output>
          </reporter-output>
        </test-method> <!-- beforemethod -->
        <test-method signature="testCase7()[pri:0, instance:com.salesforce.Test.SalesForceDropDownMenu@3f07b12c]" started-at="2024-02-20T11:44:08 GMT-05:00" name="testCase7" finished-at="2024-02-20T11:44:24 GMT-05:00" duration-ms="16349" status="FAIL">
          <exception class="org.openqa.selenium.NoSuchElementException">
            <message>
              <![CDATA[Cannot locate option with value: report
For documentation on this error, please visit: https://www.seleniumhq.org/exceptions/no_such_element.html
Build info: version: '3.141.59', revision: 'e82be7d358', time: '2018-11-14T08:17:03'
System info: host: 'DESKTOP-Q420O00', ip: '192.168.1.100', os.name: 'Windows 10', os.arch: 'amd64', os.version: '10.0', java.version: '17.0.9'
Driver info: driver.version: unknown]]>
            </message>
            <full-stacktrace>
              <![CDATA[org.openqa.selenium.NoSuchElementException: Cannot locate option with value: report
For documentation on this error, please visit: https://www.seleniumhq.org/exceptions/no_such_element.html
Build info: version: '3.141.59', revision: 'e82be7d358', time: '2018-11-14T08:17:03'
System info: host: 'DESKTOP-Q420O00', ip: '192.168.1.100', os.name: 'Windows 10', os.arch: 'amd64', os.version: '10.0', java.version: '17.0.9'
Driver info: driver.version: unknown
at org.openqa.selenium.support.ui.Select.findOptionsByValue(Select.java:283)
at org.openqa.selenium.support.ui.Select.selectByValue(Select.java:186)
at com.salesforce.Test.SalesForceDropDownMenu.testCase7(SalesForceDropDownMenu.java:242)
at java.base/jdk.internal.reflect.NativeMethodAccessorImpl.invoke0(Native Method)
at java.base/jdk.internal.reflect.NativeMethodAccessorImpl.invoke(NativeMethodAccessorImpl.java:77)
at java.base/jdk.internal.reflect.DelegatingMethodAccessorImpl.invoke(DelegatingMethodAccessorImpl.java:43)
at java.base/java.lang.reflect.Method.invoke(Method.java:568)
at org.testng.internal.invokers.MethodInvocationHelper.invokeMethod(MethodInvocationHelper.java:139)
at org.testng.internal.invokers.TestInvoker.invokeMethod(TestInvoker.java:677)
at org.testng.internal.invokers.TestInvoker.invokeTestMethod(TestInvoker.java:221)
at org.testng.internal.invokers.MethodRunner.runInSequence(MethodRunner.java:50)
at org.testng.internal.invokers.TestInvoker$MethodInvocationAgent.invoke(TestInvoker.java:969)
at org.testng.internal.invokers.TestInvoker.invokeTestMethods(TestInvoker.java:194)
at org.testng.internal.invokers.TestMethodWorker.invokeTestMethods(TestMethodWorker.java:148)
at org.testng.internal.invokers.TestMethodWorker.run(TestMethodWorker.java:128)
at java.base/java.util.ArrayList.forEach(ArrayList.java:1511)
at org.testng.TestRunner.privateRun(TestRunner.java:829)
at org.testng.TestRunner.run(TestRunner.java:602)
at org.testng.SuiteRunner.runTest(SuiteRunner.java:437)
at org.testng.SuiteRunner.runSequentially(SuiteRunner.java:431)
at org.testng.SuiteRunner.privateRun(SuiteRunner.java:391)
at org.testng.SuiteRunner.run(SuiteRunner.java:330)
at org.testng.SuiteRunnerWorker.runSuite(SuiteRunnerWorker.java:52)
at org.testng.SuiteRunnerWorker.run(SuiteRunnerWorker.java:95)
at org.testng.TestNG.runSuitesSequentially(TestNG.java:1256)
at org.testng.TestNG.runSuitesLocally(TestNG.java:1176)
at org.testng.TestNG.runSuites(TestNG.java:1099)
at org.testng.TestNG.run(TestNG.java:1067)
at org.testng.remote.AbstractRemoteTestNG.run(AbstractRemoteTestNG.java:115)
at org.testng.remote.RemoteTestNG.initAndRun(RemoteTestNG.java:251)
at org.testng.remote.RemoteTestNG.main(RemoteTestNG.java:77)
]]>
            </full-stacktrace>
          </exception> <!-- org.openqa.selenium.NoSuchElementException -->
          <reporter-output>
          </reporter-output>
        </test-method> <!-- testCase7 -->
        <test-method is-config="true" signature="aftermethod()[pri:0, instance:com.salesforce.Test.SalesForceDropDownMenu@3f07b12c]" started-at="2024-02-20T11:44:24 GMT-05:00" name="aftermethod" finished-at="2024-02-20T11:44:25 GMT-05:00" duration-ms="287" status="PASS">
          <reporter-output>
          </reporter-output>
        </test-method> <!-- aftermethod -->
        <test-method is-config="true" signature="beforemethod(java.lang.String)[pri:0, instance:com.salesforce.Test.SalesForceDropDownMenu@3f07b12c]" started-at="2024-02-20T11:44:25 GMT-05:00" name="beforemethod" finished-at="2024-02-20T11:44:27 GMT-05:00" duration-ms="2242" status="PASS">
          <params>
            <param index="0">
              <value>
                <![CDATA[chrome]]>
              </value>
            </param>
          </params>
          <reporter-output>
          </reporter-output>
        </test-method> <!-- beforemethod -->
        <test-method signature="testCase8()[pri:0, instance:com.salesforce.Test.SalesForceDropDownMenu@3f07b12c]" started-at="2024-02-20T11:44:27 GMT-05:00" name="testCase8" finished-at="2024-02-20T11:44:48 GMT-05:00" duration-ms="21361" status="PASS">
          <reporter-output>
          </reporter-output>
        </test-method> <!-- testCase8 -->
        <test-method is-config="true" signature="aftermethod()[pri:0, instance:com.salesforce.Test.SalesForceDropDownMenu@3f07b12c]" started-at="2024-02-20T11:44:48 GMT-05:00" name="aftermethod" finished-at="2024-02-20T11:44:48 GMT-05:00" duration-ms="70" status="PASS">
          <reporter-output>
          </reporter-output>
        </test-method> <!-- aftermethod -->
        <test-method is-config="true" signature="beforemethod(java.lang.String)[pri:0, instance:com.salesforce.Test.SalesForceDropDownMenu@3f07b12c]" started-at="2024-02-20T11:44:48 GMT-05:00" name="beforemethod" finished-at="2024-02-20T11:44:50 GMT-05:00" duration-ms="1583" status="PASS">
          <params>
            <param index="0">
              <value>
                <![CDATA[chrome]]>
              </value>
            </param>
          </params>
          <reporter-output>
          </reporter-output>
        </test-method> <!-- beforemethod -->
        <test-method signature="testCase9()[pri:0, instance:com.salesforce.Test.SalesForceDropDownMenu@3f07b12c]" started-at="2024-02-20T11:44:50 GMT-05:00" name="testCase9" finished-at="2024-02-20T11:45:04 GMT-05:00" duration-ms="14494" status="PASS">
          <reporter-output>
          </reporter-output>
        </test-method> <!-- testCase9 -->
        <test-method is-config="true" signature="aftermethod()[pri:0, instance:com.salesforce.Test.SalesForceDropDownMenu@3f07b12c]" started-at="2024-02-20T11:45:04 GMT-05:00" name="aftermethod" finished-at="2024-02-20T11:45:05 GMT-05:00" duration-ms="239" status="PASS">
          <reporter-output>
          </reporter-output>
        </test-method> <!-- aftermethod -->
      </class> <!-- com.salesforce.Test.SalesForceDropDownMenu -->
      <class name="com.salesforce.Test.SalesForceRandomScenerios">
        <test-method is-config="true" signature="beforemethod(java.lang.String)[pri:0, instance:com.salesforce.Test.SalesForceRandomScenerios@1af687fe]" started-at="2024-02-20T11:37:46 GMT-05:00" name="beforemethod" finished-at="2024-02-20T11:37:48 GMT-05:00" duration-ms="2427" status="PASS">
          <params>
            <param index="0">
              <value>
                <![CDATA[chrome]]>
              </value>
            </param>
          </params>
          <reporter-output>
          </reporter-output>
        </test-method> <!-- beforemethod -->
        <test-method signature="testcase33()[pri:0, instance:com.salesforce.Test.SalesForceRandomScenerios@1af687fe]" started-at="2024-02-20T11:37:48 GMT-05:00" name="testcase33" finished-at="2024-02-20T11:38:04 GMT-05:00" duration-ms="16387" status="PASS">
          <reporter-output>
          </reporter-output>
        </test-method> <!-- testcase33 -->
        <test-method is-config="true" signature="aftermethod()[pri:0, instance:com.salesforce.Test.SalesForceRandomScenerios@1af687fe]" started-at="2024-02-20T11:38:04 GMT-05:00" name="aftermethod" finished-at="2024-02-20T11:38:05 GMT-05:00" duration-ms="259" status="PASS">
          <reporter-output>
          </reporter-output>
        </test-method> <!-- aftermethod -->
        <test-method is-config="true" signature="beforemethod(java.lang.String)[pri:0, instance:com.salesforce.Test.SalesForceRandomScenerios@1af687fe]" started-at="2024-02-20T11:38:05 GMT-05:00" name="beforemethod" finished-at="2024-02-20T11:38:06 GMT-05:00" duration-ms="1508" status="PASS">
          <params>
            <param index="0">
              <value>
                <![CDATA[chrome]]>
              </value>
            </param>
          </params>
          <reporter-output>
          </reporter-output>
        </test-method> <!-- beforemethod -->
        <test-method signature="testcase34()[pri:0, instance:com.salesforce.Test.SalesForceRandomScenerios@1af687fe]" started-at="2024-02-20T11:38:06 GMT-05:00" name="testcase34" finished-at="2024-02-20T11:38:25 GMT-05:00" duration-ms="18617" status="PASS">
          <reporter-output>
          </reporter-output>
        </test-method> <!-- testcase34 -->
        <test-method is-config="true" signature="aftermethod()[pri:0, instance:com.salesforce.Test.SalesForceRandomScenerios@1af687fe]" started-at="2024-02-20T11:38:25 GMT-05:00" name="aftermethod" finished-at="2024-02-20T11:38:25 GMT-05:00" duration-ms="120" status="PASS">
          <reporter-output>
          </reporter-output>
        </test-method> <!-- aftermethod -->
        <test-method is-config="true" signature="beforemethod(java.lang.String)[pri:0, instance:com.salesforce.Test.SalesForceRandomScenerios@1af687fe]" started-at="2024-02-20T11:38:25 GMT-05:00" name="beforemethod" finished-at="2024-02-20T11:38:26 GMT-05:00" duration-ms="1481" status="PASS">
          <params>
            <param index="0">
              <value>
                <![CDATA[chrome]]>
              </value>
            </param>
          </params>
          <reporter-output>
          </reporter-output>
        </test-method> <!-- beforemethod -->
        <test-method signature="testcase35()[pri:0, instance:com.salesforce.Test.SalesForceRandomScenerios@1af687fe]" started-at="2024-02-20T11:38:26 GMT-05:00" name="testcase35" finished-at="2024-02-20T11:38:42 GMT-05:00" duration-ms="15397" status="FAIL">
          <exception class="org.openqa.selenium.NoSuchElementException">
            <message>
              <![CDATA[Cannot locate option with value: Chatter
For documentation on this error, please visit: https://www.seleniumhq.org/exceptions/no_such_element.html
Build info: version: '3.141.59', revision: 'e82be7d358', time: '2018-11-14T08:17:03'
System info: host: 'DESKTOP-Q420O00', ip: '192.168.1.100', os.name: 'Windows 10', os.arch: 'amd64', os.version: '10.0', java.version: '17.0.9'
Driver info: driver.version: unknown]]>
            </message>
            <full-stacktrace>
              <![CDATA[org.openqa.selenium.NoSuchElementException: Cannot locate option with value: Chatter
For documentation on this error, please visit: https://www.seleniumhq.org/exceptions/no_such_element.html
Build info: version: '3.141.59', revision: 'e82be7d358', time: '2018-11-14T08:17:03'
System info: host: 'DESKTOP-Q420O00', ip: '192.168.1.100', os.name: 'Windows 10', os.arch: 'amd64', os.version: '10.0', java.version: '17.0.9'
Driver info: driver.version: unknown
at org.openqa.selenium.support.ui.Select.findOptionsByValue(Select.java:283)
at org.openqa.selenium.support.ui.Select.selectByValue(Select.java:186)
at com.salesforce.Test.SalesForceRandomScenerios.testcase35(SalesForceRandomScenerios.java:114)
at java.base/jdk.internal.reflect.NativeMethodAccessorImpl.invoke0(Native Method)
at java.base/jdk.internal.reflect.NativeMethodAccessorImpl.invoke(NativeMethodAccessorImpl.java:77)
at java.base/jdk.internal.reflect.DelegatingMethodAccessorImpl.invoke(DelegatingMethodAccessorImpl.java:43)
at java.base/java.lang.reflect.Method.invoke(Method.java:568)
at org.testng.internal.invokers.MethodInvocationHelper.invokeMethod(MethodInvocationHelper.java:139)
at org.testng.internal.invokers.TestInvoker.invokeMethod(TestInvoker.java:677)
at org.testng.internal.invokers.TestInvoker.invokeTestMethod(TestInvoker.java:221)
at org.testng.internal.invokers.MethodRunner.runInSequence(MethodRunner.java:50)
at org.testng.internal.invokers.TestInvoker$MethodInvocationAgent.invoke(TestInvoker.java:969)
at org.testng.internal.invokers.TestInvoker.invokeTestMethods(TestInvoker.java:194)
at org.testng.internal.invokers.TestMethodWorker.invokeTestMethods(TestMethodWorker.java:148)
at org.testng.internal.invokers.TestMethodWorker.run(TestMethodWorker.java:128)
at java.base/java.util.ArrayList.forEach(ArrayList.java:1511)
at org.testng.TestRunner.privateRun(TestRunner.java:829)
at org.testng.TestRunner.run(TestRunner.java:602)
at org.testng.SuiteRunner.runTest(SuiteRunner.java:437)
at org.testng.SuiteRunner.runSequentially(SuiteRunner.java:431)
at org.testng.SuiteRunner.privateRun(SuiteRunner.java:391)
at org.testng.SuiteRunner.run(SuiteRunner.java:330)
at org.testng.SuiteRunnerWorker.runSuite(SuiteRunnerWorker.java:52)
at org.testng.SuiteRunnerWorker.run(SuiteRunnerWorker.java:95)
at org.testng.TestNG.runSuitesSequentially(TestNG.java:1256)
at org.testng.TestNG.runSuitesLocally(TestNG.java:1176)
at org.testng.TestNG.runSuites(TestNG.java:1099)
at org.testng.TestNG.run(TestNG.java:1067)
at org.testng.remote.AbstractRemoteTestNG.run(AbstractRemoteTestNG.java:115)
at org.testng.remote.RemoteTestNG.initAndRun(RemoteTestNG.java:251)
at org.testng.remote.RemoteTestNG.main(RemoteTestNG.java:77)
]]>
            </full-stacktrace>
          </exception> <!-- org.openqa.selenium.NoSuchElementException -->
          <reporter-output>
          </reporter-output>
        </test-method> <!-- testcase35 -->
        <test-method is-config="true" signature="aftermethod()[pri:0, instance:com.salesforce.Test.SalesForceRandomScenerios@1af687fe]" started-at="2024-02-20T11:38:42 GMT-05:00" name="aftermethod" finished-at="2024-02-20T11:38:42 GMT-05:00" duration-ms="240" status="PASS">
          <reporter-output>
          </reporter-output>
        </test-method> <!-- aftermethod -->
        <test-method is-config="true" signature="beforemethod(java.lang.String)[pri:0, instance:com.salesforce.Test.SalesForceRandomScenerios@1af687fe]" started-at="2024-02-20T11:38:42 GMT-05:00" name="beforemethod" finished-at="2024-02-20T11:38:45 GMT-05:00" duration-ms="2459" status="PASS">
          <params>
            <param index="0">
              <value>
                <![CDATA[chrome]]>
              </value>
            </param>
          </params>
          <reporter-output>
          </reporter-output>
        </test-method> <!-- beforemethod -->
        <test-method signature="testcase36()[pri:0, instance:com.salesforce.Test.SalesForceRandomScenerios@1af687fe]" started-at="2024-02-20T11:38:45 GMT-05:00" name="testcase36" finished-at="2024-02-20T11:39:08 GMT-05:00" duration-ms="23074" status="PASS">
          <reporter-output>
          </reporter-output>
        </test-method> <!-- testcase36 -->
        <test-method is-config="true" signature="aftermethod()[pri:0, instance:com.salesforce.Test.SalesForceRandomScenerios@1af687fe]" started-at="2024-02-20T11:39:08 GMT-05:00" name="aftermethod" finished-at="2024-02-20T11:39:08 GMT-05:00" duration-ms="237" status="PASS">
          <reporter-output>
          </reporter-output>
        </test-method> <!-- aftermethod -->
        <test-method is-config="true" signature="beforemethod(java.lang.String)[pri:0, instance:com.salesforce.Test.SalesForceRandomScenerios@1af687fe]" started-at="2024-02-20T11:39:08 GMT-05:00" name="beforemethod" finished-at="2024-02-20T11:39:09 GMT-05:00" duration-ms="1591" status="PASS">
          <params>
            <param index="0">
              <value>
                <![CDATA[chrome]]>
              </value>
            </param>
          </params>
          <reporter-output>
          </reporter-output>
        </test-method> <!-- beforemethod -->
        <test-method signature="testcase37()[pri:0, instance:com.salesforce.Test.SalesForceRandomScenerios@1af687fe]" started-at="2024-02-20T11:39:09 GMT-05:00" name="testcase37" finished-at="2024-02-20T11:39:44 GMT-05:00" duration-ms="34112" status="PASS">
          <reporter-output>
          </reporter-output>
        </test-method> <!-- testcase37 -->
        <test-method is-config="true" signature="aftermethod()[pri:0, instance:com.salesforce.Test.SalesForceRandomScenerios@1af687fe]" started-at="2024-02-20T11:39:44 GMT-05:00" name="aftermethod" finished-at="2024-02-20T11:39:44 GMT-05:00" duration-ms="205" status="PASS">
          <reporter-output>
          </reporter-output>
        </test-method> <!-- aftermethod -->
      </class> <!-- com.salesforce.Test.SalesForceRandomScenerios -->
      <class name="com.salesforce.Test.SalesforceCreateAccount">
        <test-method is-config="true" signature="beforemethod(java.lang.String)[pri:0, instance:com.salesforce.Test.SalesforceCreateAccount@6475472c]" started-at="2024-02-20T11:41:44 GMT-05:00" name="beforemethod" finished-at="2024-02-20T11:41:45 GMT-05:00" duration-ms="1527" status="PASS">
          <params>
            <param index="0">
              <value>
                <![CDATA[chrome]]>
              </value>
            </param>
          </params>
          <reporter-output>
          </reporter-output>
        </test-method> <!-- beforemethod -->
        <test-method signature="testCase10()[pri:0, instance:com.salesforce.Test.SalesforceCreateAccount@6475472c]" started-at="2024-02-20T11:41:45 GMT-05:00" name="testCase10" finished-at="2024-02-20T11:42:01 GMT-05:00" duration-ms="15301" status="FAIL">
          <exception class="java.lang.AssertionError">
            <message>
              <![CDATA[expected [Login | Salesforce] but found [All Tabs ~ Salesforce - Developer Edition]]]>
            </message>
            <full-stacktrace>
              <![CDATA[java.lang.AssertionError: expected [Login | Salesforce] but found [All Tabs ~ Salesforce - Developer Edition]
at org.testng.Assert.fail(Assert.java:110)
at org.testng.Assert.failNotEquals(Assert.java:1577)
at org.testng.Assert.assertEqualsImpl(Assert.java:149)
at org.testng.Assert.assertEquals(Assert.java:131)
at org.testng.Assert.assertEquals(Assert.java:655)
at org.testng.Assert.assertEquals(Assert.java:665)
at com.salesforce.Test.SalesforceCreateAccount.testCase10(SalesforceCreateAccount.java:61)
at java.base/jdk.internal.reflect.NativeMethodAccessorImpl.invoke0(Native Method)
at java.base/jdk.internal.reflect.NativeMethodAccessorImpl.invoke(NativeMethodAccessorImpl.java:77)
at java.base/jdk.internal.reflect.DelegatingMethodAccessorImpl.invoke(DelegatingMethodAccessorImpl.java:43)
at java.base/java.lang.reflect.Method.invoke(Method.java:568)
at org.testng.internal.invokers.MethodInvocationHelper.invokeMethod(MethodInvocationHelper.java:139)
at org.testng.internal.invokers.TestInvoker.invokeMethod(TestInvoker.java:677)
at org.testng.internal.invokers.TestInvoker.invokeTestMethod(TestInvoker.java:221)
at org.testng.internal.invokers.MethodRunner.runInSequence(MethodRunner.java:50)
at org.testng.internal.invokers.TestInvoker$MethodInvocationAgent.invoke(TestInvoker.java:969)
at org.testng.internal.invokers.TestInvoker.invokeTestMethods(TestInvoker.java:194)
at org.testng.internal.invokers.TestMethodWorker.invokeTestMethods(TestMethodWorker.java:148)
at org.testng.internal.invokers.TestMethodWorker.run(TestMethodWorker.java:128)
at java.base/java.util.ArrayList.forEach(ArrayList.java:1511)
at org.testng.TestRunner.privateRun(TestRunner.java:829)
at org.testng.TestRunner.run(TestRunner.java:602)
at org.testng.SuiteRunner.runTest(SuiteRunner.java:437)
at org.testng.SuiteRunner.runSequentially(SuiteRunner.java:431)
at org.testng.SuiteRunner.privateRun(SuiteRunner.java:391)
at org.testng.SuiteRunner.run(SuiteRunner.java:330)
at org.testng.SuiteRunnerWorker.runSuite(SuiteRunnerWorker.java:52)
at org.testng.SuiteRunnerWorker.run(SuiteRunnerWorker.java:95)
at org.testng.TestNG.runSuitesSequentially(TestNG.java:1256)
at org.testng.TestNG.runSuitesLocally(TestNG.java:1176)
at org.testng.TestNG.runSuites(TestNG.java:1099)
at org.testng.TestNG.run(TestNG.java:1067)
at org.testng.remote.AbstractRemoteTestNG.run(AbstractRemoteTestNG.java:115)
at org.testng.remote.RemoteTestNG.initAndRun(RemoteTestNG.java:251)
at org.testng.remote.RemoteTestNG.main(RemoteTestNG.java:77)
]]>
            </full-stacktrace>
          </exception> <!-- java.lang.AssertionError -->
          <reporter-output>
          </reporter-output>
        </test-method> <!-- testCase10 -->
        <test-method is-config="true" signature="aftermethod()[pri:0, instance:com.salesforce.Test.SalesforceCreateAccount@6475472c]" started-at="2024-02-20T11:42:01 GMT-05:00" name="aftermethod" finished-at="2024-02-20T11:42:01 GMT-05:00" duration-ms="207" status="PASS">
          <reporter-output>
          </reporter-output>
        </test-method> <!-- aftermethod -->
        <test-method is-config="true" signature="beforemethod(java.lang.String)[pri:0, instance:com.salesforce.Test.SalesforceCreateAccount@6475472c]" started-at="2024-02-20T11:42:01 GMT-05:00" name="beforemethod" finished-at="2024-02-20T11:42:02 GMT-05:00" duration-ms="1480" status="PASS">
          <params>
            <param index="0">
              <value>
                <![CDATA[chrome]]>
              </value>
            </param>
          </params>
          <reporter-output>
          </reporter-output>
        </test-method> <!-- beforemethod -->
        <test-method signature="testCase10B()[pri:0, instance:com.salesforce.Test.SalesforceCreateAccount@6475472c]" started-at="2024-02-20T11:42:02 GMT-05:00" name="testCase10B" finished-at="2024-02-20T11:42:18 GMT-05:00" duration-ms="15129" status="PASS">
          <reporter-output>
          </reporter-output>
        </test-method> <!-- testCase10B -->
        <test-method is-config="true" signature="aftermethod()[pri:0, instance:com.salesforce.Test.SalesforceCreateAccount@6475472c]" started-at="2024-02-20T11:42:18 GMT-05:00" name="aftermethod" finished-at="2024-02-20T11:42:18 GMT-05:00" duration-ms="180" status="PASS">
          <reporter-output>
          </reporter-output>
        </test-method> <!-- aftermethod -->
        <test-method is-config="true" signature="beforemethod(java.lang.String)[pri:0, instance:com.salesforce.Test.SalesforceCreateAccount@6475472c]" started-at="2024-02-20T11:42:18 GMT-05:00" name="beforemethod" finished-at="2024-02-20T11:42:19 GMT-05:00" duration-ms="1573" status="PASS">
          <params>
            <param index="0">
              <value>
                <![CDATA[chrome]]>
              </value>
            </param>
          </params>
          <reporter-output>
          </reporter-output>
        </test-method> <!-- beforemethod -->
        <test-method signature="testCase11()[pri:0, instance:com.salesforce.Test.SalesforceCreateAccount@6475472c]" started-at="2024-02-20T11:42:19 GMT-05:00" name="testCase11" finished-at="2024-02-20T11:42:32 GMT-05:00" duration-ms="12617" status="FAIL">
          <exception class="org.openqa.selenium.StaleElementReferenceException">
            <message>
              <![CDATA[stale element reference: stale element not found
  (Session info: chrome=121.0.6167.185)
For documentation on this error, please visit: https://www.seleniumhq.org/exceptions/stale_element_reference.html
Build info: version: '3.141.59', revision: 'e82be7d358', time: '2018-11-14T08:17:03'
System info: host: 'DESKTOP-Q420O00', ip: '192.168.1.100', os.name: 'Windows 10', os.arch: 'amd64', os.version: '10.0', java.version: '17.0.9'
Driver info: org.openqa.selenium.chrome.ChromeDriver
Capabilities {acceptInsecureCerts: false, browserName: chrome, browserVersion: 121.0.6167.185, chrome: {chromedriverVersion: 121.0.6167.184 (057a8ae7deb..., userDataDir: C:\Users\VIBIN\AppData\Loca...}, fedcm:accounts: true, goog:chromeOptions: {debuggerAddress: localhost:59121}, javascriptEnabled: true, networkConnectionEnabled: false, pageLoadStrategy: normal, platform: WINDOWS, platformName: WINDOWS, proxy: Proxy(), setWindowRect: true, strictFileInteractability: false, timeouts: {implicit: 0, pageLoad: 300000, script: 30000}, unhandledPromptBehavior: dismiss and notify, webauthn:extension:credBlob: true, webauthn:extension:largeBlob: true, webauthn:extension:minPinLength: true, webauthn:extension:prf: true, webauthn:virtualAuthenticators: true}
Session ID: 7b4f7c4f26465f37ff23b6791b1a95ce]]>
            </message>
            <full-stacktrace>
              <![CDATA[org.openqa.selenium.StaleElementReferenceException: stale element reference: stale element not found
  (Session info: chrome=121.0.6167.185)
For documentation on this error, please visit: https://www.seleniumhq.org/exceptions/stale_element_reference.html
Build info: version: '3.141.59', revision: 'e82be7d358', time: '2018-11-14T08:17:03'
System info: host: 'DESKTOP-Q420O00', ip: '192.168.1.100', os.name: 'Windows 10', os.arch: 'amd64', os.version: '10.0', java.version: '17.0.9'
Driver info: org.openqa.selenium.chrome.ChromeDriver
Capabilities {acceptInsecureCerts: false, browserName: chrome, browserVersion: 121.0.6167.185, chrome: {chromedriverVersion: 121.0.6167.184 (057a8ae7deb..., userDataDir: C:\Users\VIBIN\AppData\Loca...}, fedcm:accounts: true, goog:chromeOptions: {debuggerAddress: localhost:59121}, javascriptEnabled: true, networkConnectionEnabled: false, pageLoadStrategy: normal, platform: WINDOWS, platformName: WINDOWS, proxy: Proxy(), setWindowRect: true, strictFileInteractability: false, timeouts: {implicit: 0, pageLoad: 300000, script: 30000}, unhandledPromptBehavior: dismiss and notify, webauthn:extension:credBlob: true, webauthn:extension:largeBlob: true, webauthn:extension:minPinLength: true, webauthn:extension:prf: true, webauthn:virtualAuthenticators: true}
Session ID: 7b4f7c4f26465f37ff23b6791b1a95ce
at java.base/jdk.internal.reflect.NativeConstructorAccessorImpl.newInstance0(Native Method)
at java.base/jdk.internal.reflect.NativeConstructorAccessorImpl.newInstance(NativeConstructorAccessorImpl.java:77)
at java.base/jdk.internal.reflect.DelegatingConstructorAccessorImpl.newInstance(DelegatingConstructorAccessorImpl.java:45)
at java.base/java.lang.reflect.Constructor.newInstanceWithCaller(Constructor.java:499)
at java.base/java.lang.reflect.Constructor.newInstance(Constructor.java:480)
at org.openqa.selenium.remote.http.W3CHttpResponseCodec.createException(W3CHttpResponseCodec.java:187)
at org.openqa.selenium.remote.http.W3CHttpResponseCodec.decode(W3CHttpResponseCodec.java:122)
at org.openqa.selenium.remote.http.W3CHttpResponseCodec.decode(W3CHttpResponseCodec.java:49)
at org.openqa.selenium.remote.HttpCommandExecutor.execute(HttpCommandExecutor.java:158)
at org.openqa.selenium.remote.service.DriverCommandExecutor.execute(DriverCommandExecutor.java:83)
at org.openqa.selenium.remote.RemoteWebDriver.execute(RemoteWebDriver.java:552)
at org.openqa.selenium.remote.RemoteWebElement.execute(RemoteWebElement.java:285)
at org.openqa.selenium.remote.RemoteWebElement.isDisplayed(RemoteWebElement.java:326)
at org.openqa.selenium.support.ui.ExpectedConditions.elementIfVisible(ExpectedConditions.java:314)
at org.openqa.selenium.support.ui.ExpectedConditions.access$000(ExpectedConditions.java:43)
at org.openqa.selenium.support.ui.ExpectedConditions$10.apply(ExpectedConditions.java:300)
at org.openqa.selenium.support.ui.ExpectedConditions$10.apply(ExpectedConditions.java:297)
at org.openqa.selenium.support.ui.FluentWait.until(FluentWait.java:249)
at com.salesforce.bases.BaseTest.waitForVisibility(BaseTest.java:155)
at com.salesforce.Test.SalesforceCreateAccount.testCase11(SalesforceCreateAccount.java:140)
at java.base/jdk.internal.reflect.NativeMethodAccessorImpl.invoke0(Native Method)
at java.base/jdk.internal.reflect.NativeMethodAccessorImpl.invoke(NativeMethodAccessorImpl.java:77)
at java.base/jdk.internal.reflect.DelegatingMethodAccessorImpl.invoke(DelegatingMethodAccessorImpl.java:43)
at java.base/java.lang.reflect.Method.invoke(Method.java:568)
at org.testng.internal.invokers.MethodInvocationHelper.invokeMethod(MethodInvocationHelper.java:139)
at org.testng.internal.invokers.TestInvoker.invokeMethod(TestInvoker.java:677)
at org.testng.internal.invokers.TestInvoker.invokeTestMethod(TestInvoker.java:221)
at org.testng.internal.invokers.MethodRunner.runInSequence(MethodRunner.java:50)
at org.testng.internal.invokers.TestInvoker$MethodInvocationAgent.invoke(TestInvoker.java:969)
at org.testng.internal.invokers.TestInvoker.invokeTestMethods(TestInvoker.java:194)
at org.testng.internal.invokers.TestMethodWorker.invokeTestMethods(TestMethodWorker.java:148)
at org.testng.internal.invokers.TestMethodWorker.run(TestMethodWorker.java:128)
at java.base/java.util.ArrayList.forEach(ArrayList.java:1511)
at org.testng.TestRunner.privateRun(TestRunner.java:829)
at org.testng.TestRunner.run(TestRunner.java:602)
at org.testng.SuiteRunner.runTest(SuiteRunner.java:437)
at org.testng.SuiteRunner.runSequentially(SuiteRunner.java:431)
at org.testng.SuiteRunner.privateRun(SuiteRunner.java:391)
at org.testng.SuiteRunner.run(SuiteRunner.java:330)
at org.testng.SuiteRunnerWorker.runSuite(SuiteRunnerWorker.java:52)
at org.testng.SuiteRunnerWorker.run(SuiteRunnerWorker.java:95)
at org.testng.TestNG.runSuitesSequentially(TestNG.java:1256)
at org.testng.TestNG.runSuitesLocally(TestNG.java:1176)
at org.testng.TestNG.runSuites(TestNG.java:1099)
at org.testng.TestNG.run(TestNG.java:1067)
at org.testng.remote.AbstractRemoteTestNG.run(AbstractRemoteTestNG.java:115)
at org.testng.remote.RemoteTestNG.initAndRun(RemoteTestNG.java:251)
at org.testng.remote.RemoteTestNG.main(RemoteTestNG.java:77)
]]>
            </full-stacktrace>
          </exception> <!-- org.openqa.selenium.StaleElementReferenceException -->
          <reporter-output>
          </reporter-output>
        </test-method> <!-- testCase11 -->
        <test-method is-config="true" signature="aftermethod()[pri:0, instance:com.salesforce.Test.SalesforceCreateAccount@6475472c]" started-at="2024-02-20T11:42:32 GMT-05:00" name="aftermethod" finished-at="2024-02-20T11:42:32 GMT-05:00" duration-ms="220" status="PASS">
          <reporter-output>
          </reporter-output>
        </test-method> <!-- aftermethod -->
        <test-method is-config="true" signature="beforemethod(java.lang.String)[pri:0, instance:com.salesforce.Test.SalesforceCreateAccount@6475472c]" started-at="2024-02-20T11:42:32 GMT-05:00" name="beforemethod" finished-at="2024-02-20T11:42:34 GMT-05:00" duration-ms="1381" status="PASS">
          <params>
            <param index="0">
              <value>
                <![CDATA[chrome]]>
              </value>
            </param>
          </params>
          <reporter-output>
          </reporter-output>
        </test-method> <!-- beforemethod -->
        <test-method signature="testCase12()[pri:0, instance:com.salesforce.Test.SalesforceCreateAccount@6475472c]" started-at="2024-02-20T11:42:34 GMT-05:00" name="testCase12" finished-at="2024-02-20T11:42:48 GMT-05:00" duration-ms="14520" status="PASS">
          <reporter-output>
          </reporter-output>
        </test-method> <!-- testCase12 -->
        <test-method is-config="true" signature="aftermethod()[pri:0, instance:com.salesforce.Test.SalesforceCreateAccount@6475472c]" started-at="2024-02-20T11:42:48 GMT-05:00" name="aftermethod" finished-at="2024-02-20T11:42:48 GMT-05:00" duration-ms="225" status="PASS">
          <reporter-output>
          </reporter-output>
        </test-method> <!-- aftermethod -->
        <test-method is-config="true" signature="beforemethod(java.lang.String)[pri:0, instance:com.salesforce.Test.SalesforceCreateAccount@6475472c]" started-at="2024-02-20T11:42:48 GMT-05:00" name="beforemethod" finished-at="2024-02-20T11:42:50 GMT-05:00" duration-ms="1795" status="PASS">
          <params>
            <param index="0">
              <value>
                <![CDATA[chrome]]>
              </value>
            </param>
          </params>
          <reporter-output>
          </reporter-output>
        </test-method> <!-- beforemethod -->
        <test-method signature="testcase13()[pri:0, instance:com.salesforce.Test.SalesforceCreateAccount@6475472c]" started-at="2024-02-20T11:42:50 GMT-05:00" name="testcase13" finished-at="2024-02-20T11:43:09 GMT-05:00" duration-ms="19061" status="PASS">
          <reporter-output>
          </reporter-output>
        </test-method> <!-- testcase13 -->
        <test-method is-config="true" signature="aftermethod()[pri:0, instance:com.salesforce.Test.SalesforceCreateAccount@6475472c]" started-at="2024-02-20T11:43:09 GMT-05:00" name="aftermethod" finished-at="2024-02-20T11:43:09 GMT-05:00" duration-ms="73" status="PASS">
          <reporter-output>
          </reporter-output>
        </test-method> <!-- aftermethod -->
        <test-method is-config="true" signature="beforemethod(java.lang.String)[pri:0, instance:com.salesforce.Test.SalesforceCreateAccount@6475472c]" started-at="2024-02-20T11:43:09 GMT-05:00" name="beforemethod" finished-at="2024-02-20T11:43:11 GMT-05:00" duration-ms="1404" status="PASS">
          <params>
            <param index="0">
              <value>
                <![CDATA[chrome]]>
              </value>
            </param>
          </params>
          <reporter-output>
          </reporter-output>
        </test-method> <!-- beforemethod -->
        <test-method signature="testcase14()[pri:0, instance:com.salesforce.Test.SalesforceCreateAccount@6475472c]" started-at="2024-02-20T11:43:11 GMT-05:00" name="testcase14" finished-at="2024-02-20T11:43:32 GMT-05:00" duration-ms="20856" status="PASS">
          <reporter-output>
          </reporter-output>
        </test-method> <!-- testcase14 -->
        <test-method is-config="true" signature="aftermethod()[pri:0, instance:com.salesforce.Test.SalesforceCreateAccount@6475472c]" started-at="2024-02-20T11:43:32 GMT-05:00" name="aftermethod" finished-at="2024-02-20T11:43:32 GMT-05:00" duration-ms="197" status="PASS">
          <reporter-output>
          </reporter-output>
        </test-method> <!-- aftermethod -->
      </class> <!-- com.salesforce.Test.SalesforceCreateAccount -->
    </test> <!-- Test -->
  </suite> <!-- SalesForceSuite -->
</testng-results>
